#
# A fatal error has been detected by the Java Runtime Environment:
#
#  SIGILL (0x4) at pc=0x0000000105e0e6a8, pid=36768, tid=8707
#
# JRE version: OpenJDK Runtime Environment (8.0) (build 1.8.0-internal-debug-yuanqixiang_2020_04_06_20_03-b00)
# Java VM: OpenJDK 64-Bit Server VM (25.40-b25-debug mixed mode bsd-amd64 compressed oops)
# Problematic frame:
# V  [libjvm.dylib+0xa0e6a8]  PerfData::~PerfData()+0x8
#
# Failed to write core dump. Core dumps have been disabled. To enable core dumping, try "ulimit -c unlimited" before starting Java again
#
# If you would like to submit a bug report, please visit:
#   http://bugreport.java.com/bugreport/crash.jsp
#

---------------  T H R E A D  ---------------

Current thread is native thread

siginfo: si_signo: 4 (SIGILL), si_code: 1 (ILL_ILLOPC), si_addr: 0x0000000105e0e6a8

Registers:
RAX=0x00007fb9c76015c0, RBX=0x000070000bc30000, RCX=0x00007fb9c785f420, RDX=0x0000000000000000
RSP=0x000070000bc2fca0, RBP=0x000070000bc2fca0, RSI=0x0000000000000000, RDI=0x00007fb9c76015c0
R8 =0x0000000000000000, R9 =0x0000000000008009, R10=0x0000000000000000, R11=0x0000000000000034
R12=0x0000000000000000, R13=0x0000000000000000, R14=0x0000000000000000, R15=0x0000000000000000
RIP=0x0000000105e0e6a8, EFLAGS=0x0000000000010206, ERR=0x0000000000000000
  TRAPNO=0x0000000000000006

Top of Stack: (sp=0x000070000bc2fca0)
0x000070000bc2fca0:   000070000bc2fcf0 0000000105e0f26d
0x000070000bc2fcb0:   000070000bc2fcd0 00000001054a71e4
0x000070000bc2fcc0:   0000000200000000 00007fb9c7864020
0x000070000bc2fcd0:   00007fb9c76015c0 0000000005f44b06
0x000070000bc2fce0:   00007fb9c76015c0 00000000c7864800
0x000070000bc2fcf0:   000070000bc2fd00 0000000105e1180d
0x000070000bc2fd00:   000070000bc2fd10 0000000105a5971d
0x000070000bc2fd10:   000070000bc2fd90 0000000105f5100c
0x000070000bc2fd20:   00007fb9c7864800 0000000100000000
0x000070000bc2fd30:   00000001061a0920 00007fb9c740d8d0
0x000070000bc2fd40:   00000001062653c8 00000001054a48f4
0x000070000bc2fd50:   000070000bc2fd90 0100010a05b27862
0x000070000bc2fd60:   000000060bc2fd70 00007fb9c7864800
0x000070000bc2fd70:   000070000bc2fd90 00000001061a0920
0x000070000bc2fd80:   00007fb9c740d0b0 00007fb9c7864800
0x000070000bc2fd90:   000070000bc2fe10 0000000105b27787
0x000070000bc2fda0:   00007fb9c744dcb0 00007fb9c744dcb0
0x000070000bc2fdb0:   00007fb9c744dcb0 00007fb9c7864800
0x000070000bc2fdc0:   0000700000010008 00000001060eddbd
0x000070000bc2fdd0:   0000000000000000 00007fb9c7864a20
0x000070000bc2fde0:   00000001062413a8 00007fb9c744dc60
0x000070000bc2fdf0:   000070000bc2fdfc 00000000062413a8
0x000070000bc2fe00:   00000001062653c8 00000000c8800a20
0x000070000bc2fe10:   000070000bc2ff10 000000010431337c
0x000070000bc2fe20:   0000000000000000 0000000000000000
0x000070000bc2fe30:   0000000000000000 0000000000000000
0x000070000bc2fe40:   0000000000000000 0000000000000000
0x000070000bc2fe50:   0000000000000000 0000000000000000
0x000070000bc2fe60:   0000000000000000 0000000000000000
0x000070000bc2fe70:   0000000000000000 0000000000000000
0x000070000bc2fe80:   000001714f7cca1c 0000000000000000
0x000070000bc2fe90:   0000000000000000 0000000000000000 

Instructions: (pc=0x0000000105e0e6a8)
0x0000000105e0e688:   48 8b 7d f8 8a 47 18 24 01 0f b6 c0 5d c3 66 2e
0x0000000105e0e698:   0f 1f 84 00 00 00 00 00 55 48 89 e5 48 89 7d f8
0x0000000105e0e6a8:   0f 0b 66 0f 1f 44 00 00 55 48 89 e5 53 48 81 ec
0x0000000105e0e6b8:   38 01 00 00 48 89 7d f0 89 75 ec 48 89 55 e0 48 

Register to memory mapping:

RAX=0x00007fb9c76015c0 is an unknown value
RBX=0x000070000bc30000 is an unknown value
RCX=0x00007fb9c785f420 is an unknown value
RDX=0x0000000000000000 is an unknown value
RSP=0x000070000bc2fca0 is an unknown value
RBP=0x000070000bc2fca0 is an unknown value
RSI=0x0000000000000000 is an unknown value
RDI=0x00007fb9c76015c0 is an unknown value
R8 =0x0000000000000000 is an unknown value
R9 =0x0000000000008009 is an unknown value
R10=0x0000000000000000 is an unknown value
R11=0x0000000000000034 is an unknown value
R12=0x0000000000000000 is an unknown value
R13=0x0000000000000000 is an unknown value
R14=0x0000000000000000 is an unknown value
R15=0x0000000000000000 is an unknown value


Stack: [0x000070000bb30000,0x000070000bc30000],  sp=0x000070000bc2fca0,  free space=1023k
Native frames: (J=compiled Java code, j=interpreted, Vv=VM code, C=native code)
V  [libjvm.dylib+0xa0e6a8]  PerfData::~PerfData()+0x8
V  [libjvm.dylib+0xa0f26d]  PerfDataManager::destroy()+0x6d
V  [libjvm.dylib+0xa1180d]  perfMemory_exit()+0x3d
V  [libjvm.dylib+0x65971d]  exit_globals()+0x1d
V  [libjvm.dylib+0xb5100c]  Threads::destroy_vm()+0x19c
V  [libjvm.dylib+0x727787]  jni_DestroyJavaVM+0x167
C  [java+0x437c]  JavaMain+0x28c
C  [libsystem_pthread.dylib+0x32eb]  _pthread_body+0x7e
C  [libsystem_pthread.dylib+0x6249]  _pthread_start+0x42
C  [libsystem_pthread.dylib+0x240d]  thread_start+0xd


---------------  P R O C E S S  ---------------

VM state:at safepoint (shutting down)

VM Mutex/Monitor currently owned by a thread:  ([mutex/lock_event])
[0x00007fb9c740d0b0] Threads_lock - owner thread: 0x00007fb9c9025800

Heap:
 PSYoungGen      total 76288K, used 3932K [0x000000076ab00000, 0x0000000770000000, 0x00000007c0000000)
  eden space 65536K, 6% used [0x000000076ab00000,0x000000076aed72d8,0x000000076eb00000)
  from space 10752K, 0% used [0x000000076f580000,0x000000076f580000,0x0000000770000000)
  to   space 10752K, 0% used [0x000000076eb00000,0x000000076eb00000,0x000000076f580000)
 ParOldGen       total 175104K, used 0K [0x00000006c0000000, 0x00000006cab00000, 0x000000076ab00000)
  object space 175104K, 0% used [0x00000006c0000000,0x00000006c0000000,0x00000006cab00000)
 Metaspace       used 2420K, capacity 4480K, committed 4480K, reserved 1056768K
  class space    used 235K, capacity 384K, committed 384K, reserved 1048576K

Card table byte_map: [0x00000001071f8000,0x00000001079f9000] byte_map_base: 0x0000000103bf8000

Marking Bits: (ParMarkBitMap*) 0x00000001062c26f0
 Begin Bits: [0x0000000118bba000, 0x000000011cbba000)
 End Bits:   [0x000000011cbba000, 0x0000000120bba000)

Polling page: 0x00000001043f2000

CodeCache: size=245760Kb used=2222Kb max_used=2233Kb free=243537Kb
 bounds [0x0000000109bba000, 0x0000000109e2a000, 0x0000000118bba000]
 total_blobs=477 nmethods=3 adapters=396
 compilation: enabled

Compilation events (4 events):
Event: 0.463 Thread 0x00007fb9c9027000    2       3       java.lang.Object::<init> (1 bytes)
Event: 0.465 Thread 0x00007fb9c9027000 nmethod 2 0x0000000109db94d0 code [0x0000000109db9640, 0x0000000109db97b8]
Event: 0.471 Thread 0x00007fb9c9027000    3       3       java.lang.String::equals (81 bytes)
Event: 0.475 Thread 0x00007fb9c9027000 nmethod 3 0x0000000109dbb8d0 code [0x0000000109dbbb00, 0x0000000109dbc458]

GC Heap History (0 events):
No events

Deoptimization events (0 events):
No events

Internal exceptions (2 events):
Event: 0.341 Thread 0x00007fb9c8800800 Exception <a 'java/lang/NoSuchMethodError': Method sun.misc.Unsafe.defineClass(Ljava/lang/String;[BII)Ljava/lang/Class; name or signature does not match> (0x000000076ab12b10) thrown at [/Users/yuanqixiang/Downloads/openjdk8/hotspot/src/share/vm/prims/jni.
Event: 0.341 Thread 0x00007fb9c8800800 Exception <a 'java/lang/NoSuchMethodError': Method sun.misc.Unsafe.prefetchRead(Ljava/lang/Object;J)V name or signature does not match> (0x000000076ab12da0) thrown at [/Users/yuanqixiang/Downloads/openjdk8/hotspot/src/share/vm/prims/jni.cpp, line 3994]

Events (10 events):
Event: 0.473 loading class java/nio/HeapCharBuffer
Event: 0.474 loading class java/nio/HeapCharBuffer done
Event: 0.475 Thread 0x00007fb9c8800800 Thread exited: 0x00007fb9c8800800
Event: 0.476 Thread 0x00007fb9c7864800 Thread added: 0x00007fb9c7864800
Event: 0.476 loading class java/lang/Shutdown
Event: 0.476 loading class java/lang/Shutdown done
Event: 0.477 loading class java/lang/Shutdown$Lock
Event: 0.477 loading class java/lang/Shutdown$Lock done
Event: 0.477 Thread 0x00007fb9c7807000 Thread exited: 0x00007fb9c7807000
Event: 0.479 Thread 0x00007fb9c7864800 Thread exited: 0x00007fb9c7864800


Dynamic libraries:
0x0000000007347000 	/System/Library/Frameworks/Cocoa.framework/Versions/A/Cocoa
0x0000000007347000 	/System/Library/Frameworks/Security.framework/Versions/A/Security
0x0000000007347000 	/System/Library/Frameworks/ApplicationServices.framework/Versions/A/ApplicationServices
0x0000000007347000 	/usr/lib/libz.1.dylib
0x0000000007347000 	/usr/lib/libSystem.B.dylib
0x0000000007347000 	/System/Library/Frameworks/CoreFoundation.framework/Versions/A/CoreFoundation
0x0000000007347000 	/System/Library/Frameworks/Foundation.framework/Versions/C/Foundation
0x0000000007347000 	/usr/lib/libobjc.A.dylib
0x0000000007347000 	/System/Library/Frameworks/AppKit.framework/Versions/C/AppKit
0x0000000007347000 	/System/Library/Frameworks/CoreData.framework/Versions/A/CoreData
0x0000000007347000 	/System/Library/PrivateFrameworks/RemoteViewServices.framework/Versions/A/RemoteViewServices
0x0000000007347000 	/System/Library/PrivateFrameworks/UIFoundation.framework/Versions/A/UIFoundation
0x0000000007347000 	/System/Library/PrivateFrameworks/XCTTargetBootstrap.framework/Versions/A/XCTTargetBootstrap
0x0000000007347000 	/System/Library/Frameworks/CoreDisplay.framework/Versions/A/CoreDisplay
0x0000000007347000 	/System/Library/PrivateFrameworks/IconServices.framework/Versions/A/IconServices
0x0000000007347000 	/System/Library/Frameworks/Metal.framework/Versions/A/Metal
0x0000000007347000 	/System/Library/PrivateFrameworks/DesktopServicesPriv.framework/Versions/A/DesktopServicesPriv
0x0000000007347000 	/usr/lib/libenergytrace.dylib
0x0000000007347000 	/System/Library/PrivateFrameworks/SkyLight.framework/Versions/A/SkyLight
0x0000000007347000 	/System/Library/Frameworks/CoreGraphics.framework/Versions/A/CoreGraphics
0x0000000007347000 	/System/Library/Frameworks/Accelerate.framework/Versions/A/Accelerate
0x0000000007347000 	/System/Library/Frameworks/IOSurface.framework/Versions/A/IOSurface
0x0000000007347000 	/System/Library/PrivateFrameworks/DFRFoundation.framework/Versions/A/DFRFoundation
0x0000000007347000 	/System/Library/Frameworks/AudioToolbox.framework/Versions/A/AudioToolbox
0x0000000007347000 	/System/Library/Frameworks/AudioUnit.framework/Versions/A/AudioUnit
0x0000000007347000 	/System/Library/PrivateFrameworks/DataDetectorsCore.framework/Versions/A/DataDetectorsCore
0x0000000007347000 	/System/Library/Frameworks/Carbon.framework/Versions/A/Frameworks/HIToolbox.framework/Versions/A/HIToolbox
0x0000000007347000 	/usr/lib/libicucore.A.dylib
0x0000000007347000 	/System/Library/Frameworks/QuartzCore.framework/Versions/A/QuartzCore
0x0000000007347000 	/System/Library/Frameworks/Carbon.framework/Versions/A/Frameworks/SpeechRecognition.framework/Versions/A/SpeechRecognition
0x0000000007347000 	/usr/lib/libauto.dylib
0x0000000007347000 	/usr/lib/libxml2.2.dylib
0x0000000007347000 	/System/Library/PrivateFrameworks/CoreUI.framework/Versions/A/CoreUI
0x0000000007347000 	/System/Library/Frameworks/CoreAudio.framework/Versions/A/CoreAudio
0x0000000007347000 	/System/Library/Frameworks/DiskArbitration.framework/Versions/A/DiskArbitration
0x0000000007347000 	/usr/lib/liblangid.dylib
0x0000000007347000 	/System/Library/PrivateFrameworks/MultitouchSupport.framework/Versions/A/MultitouchSupport
0x0000000007347000 	/System/Library/Frameworks/IOKit.framework/Versions/A/IOKit
0x0000000007347000 	/usr/lib/libDiagnosticMessagesClient.dylib
0x0000000007347000 	/System/Library/Frameworks/CoreServices.framework/Versions/A/CoreServices
0x0000000007347000 	/System/Library/PrivateFrameworks/PerformanceAnalysis.framework/Versions/A/PerformanceAnalysis
0x0000000007347000 	/System/Library/Frameworks/OpenGL.framework/Versions/A/OpenGL
0x0000000007347000 	/System/Library/Frameworks/ColorSync.framework/Versions/A/ColorSync
0x0000000007347000 	/System/Library/Frameworks/CoreImage.framework/Versions/A/CoreImage
0x0000000007347000 	/System/Library/Frameworks/CoreText.framework/Versions/A/CoreText
0x0000000007347000 	/System/Library/Frameworks/ImageIO.framework/Versions/A/ImageIO
0x0000000007347000 	/System/Library/PrivateFrameworks/Backup.framework/Versions/A/Backup
0x0000000007347000 	/usr/lib/libarchive.2.dylib
0x0000000007347000 	/System/Library/Frameworks/CFNetwork.framework/Versions/A/CFNetwork
0x0000000007347000 	/System/Library/Frameworks/SystemConfiguration.framework/Versions/A/SystemConfiguration
0x0000000007347000 	/usr/lib/libCRFSuite.dylib
0x0000000007347000 	/usr/lib/libc++.1.dylib
0x0000000007347000 	/usr/lib/libc++abi.dylib
0x0000000007347000 	/usr/lib/system/libcache.dylib
0x0000000007347000 	/usr/lib/system/libcommonCrypto.dylib
0x0000000007347000 	/usr/lib/system/libcompiler_rt.dylib
0x0000000007347000 	/usr/lib/system/libcopyfile.dylib
0x0000000007347000 	/usr/lib/system/libcorecrypto.dylib
0x0000000007347000 	/usr/lib/system/libdispatch.dylib
0x0000000007347000 	/usr/lib/system/libdyld.dylib
0x0000000007347000 	/usr/lib/system/libkeymgr.dylib
0x0000000007347000 	/usr/lib/system/liblaunch.dylib
0x0000000007347000 	/usr/lib/system/libmacho.dylib
0x0000000007347000 	/usr/lib/system/libquarantine.dylib
0x0000000007347000 	/usr/lib/system/libremovefile.dylib
0x0000000007347000 	/usr/lib/system/libsystem_asl.dylib
0x0000000007347000 	/usr/lib/system/libsystem_blocks.dylib
0x0000000007347000 	/usr/lib/system/libsystem_c.dylib
0x0000000007347000 	/usr/lib/system/libsystem_configuration.dylib
0x0000000007347000 	/usr/lib/system/libsystem_coreservices.dylib
0x0000000007347000 	/usr/lib/system/libsystem_darwin.dylib
0x0000000007347000 	/usr/lib/system/libsystem_dnssd.dylib
0x0000000007347000 	/usr/lib/system/libsystem_info.dylib
0x0000000007347000 	/usr/lib/system/libsystem_m.dylib
0x0000000007347000 	/usr/lib/system/libsystem_malloc.dylib
0x0000000007347000 	/usr/lib/system/libsystem_networkextension.dylib
0x0000000007347000 	/usr/lib/system/libsystem_notify.dylib
0x0000000007347000 	/usr/lib/system/libsystem_sandbox.dylib
0x0000000007347000 	/usr/lib/system/libsystem_secinit.dylib
0x0000000007347000 	/usr/lib/system/libsystem_kernel.dylib
0x0000000007347000 	/usr/lib/system/libsystem_platform.dylib
0x0000000007347000 	/usr/lib/system/libsystem_pthread.dylib
0x0000000007347000 	/usr/lib/system/libsystem_symptoms.dylib
0x0000000007347000 	/usr/lib/system/libsystem_trace.dylib
0x0000000007347000 	/usr/lib/system/libunwind.dylib
0x0000000007347000 	/usr/lib/system/libxpc.dylib
0x0000000007347000 	/usr/lib/libbsm.0.dylib
0x0000000007347000 	/usr/lib/system/libkxld.dylib
0x0000000007347000 	/System/Library/PrivateFrameworks/AppleFSCompression.framework/Versions/A/AppleFSCompression
0x0000000007347000 	/usr/lib/libOpenScriptingUtil.dylib
0x0000000007347000 	/usr/lib/libcoretls.dylib
0x0000000007347000 	/usr/lib/libcoretls_cfhelpers.dylib
0x0000000007347000 	/usr/lib/libpam.2.dylib
0x0000000007347000 	/usr/lib/libsqlite3.dylib
0x0000000007347000 	/usr/lib/libxar.1.dylib
0x0000000007347000 	/usr/lib/libbz2.1.0.dylib
0x0000000007347000 	/usr/lib/liblzma.5.dylib
0x0000000007347000 	/usr/lib/libnetwork.dylib
0x0000000007347000 	/usr/lib/libapple_nghttp2.dylib
0x0000000007347000 	/usr/lib/libpcap.A.dylib
0x0000000007347000 	/System/Library/Frameworks/CoreServices.framework/Versions/A/Frameworks/FSEvents.framework/Versions/A/FSEvents
0x0000000007347000 	/System/Library/Frameworks/CoreServices.framework/Versions/A/Frameworks/CarbonCore.framework/Versions/A/CarbonCore
0x0000000007347000 	/System/Library/Frameworks/CoreServices.framework/Versions/A/Frameworks/Metadata.framework/Versions/A/Metadata
0x0000000007347000 	/System/Library/Frameworks/CoreServices.framework/Versions/A/Frameworks/OSServices.framework/Versions/A/OSServices
0x0000000007347000 	/System/Library/Frameworks/CoreServices.framework/Versions/A/Frameworks/SearchKit.framework/Versions/A/SearchKit
0x0000000007347000 	/System/Library/Frameworks/CoreServices.framework/Versions/A/Frameworks/AE.framework/Versions/A/AE
0x0000000007347000 	/System/Library/Frameworks/CoreServices.framework/Versions/A/Frameworks/LaunchServices.framework/Versions/A/LaunchServices
0x0000000007347000 	/System/Library/Frameworks/CoreServices.framework/Versions/A/Frameworks/DictionaryServices.framework/Versions/A/DictionaryServices
0x0000000007347000 	/System/Library/Frameworks/CoreServices.framework/Versions/A/Frameworks/SharedFileList.framework/Versions/A/SharedFileList
0x0000000007347000 	/System/Library/Frameworks/NetFS.framework/Versions/A/NetFS
0x0000000007347000 	/System/Library/PrivateFrameworks/NetAuth.framework/Versions/A/NetAuth
0x0000000007347000 	/System/Library/PrivateFrameworks/login.framework/Versions/A/Frameworks/loginsupport.framework/Versions/A/loginsupport
0x0000000007347000 	/System/Library/PrivateFrameworks/TCC.framework/Versions/A/TCC
0x0000000007347000 	/System/Library/PrivateFrameworks/CoreNLP.framework/Versions/A/CoreNLP
0x0000000007347000 	/System/Library/PrivateFrameworks/MetadataUtilities.framework/Versions/A/MetadataUtilities
0x0000000007347000 	/usr/lib/libmecabra.dylib
0x0000000007347000 	/System/Library/Frameworks/ApplicationServices.framework/Versions/A/Frameworks/ATS.framework/Versions/A/ATS
0x0000000007347000 	/System/Library/Frameworks/ApplicationServices.framework/Versions/A/Frameworks/ColorSyncLegacy.framework/Versions/A/ColorSyncLegacy
0x0000000007347000 	/System/Library/Frameworks/ApplicationServices.framework/Versions/A/Frameworks/HIServices.framework/Versions/A/HIServices
0x0000000007347000 	/System/Library/Frameworks/ApplicationServices.framework/Versions/A/Frameworks/LangAnalysis.framework/Versions/A/LangAnalysis
0x0000000007347000 	/System/Library/Frameworks/ApplicationServices.framework/Versions/A/Frameworks/PrintCore.framework/Versions/A/PrintCore
0x0000000007347000 	/System/Library/Frameworks/ApplicationServices.framework/Versions/A/Frameworks/QD.framework/Versions/A/QD
0x0000000007347000 	/System/Library/Frameworks/ApplicationServices.framework/Versions/A/Frameworks/SpeechSynthesis.framework/Versions/A/SpeechSynthesis
0x0000000007347000 	/usr/lib/libcompression.dylib
0x0000000007347000 	/System/Library/Frameworks/MetalPerformanceShaders.framework/Versions/A/MetalPerformanceShaders
0x0000000007347000 	/System/Library/Frameworks/Accelerate.framework/Versions/A/Frameworks/vImage.framework/Versions/A/vImage
0x0000000007347000 	/System/Library/Frameworks/Accelerate.framework/Versions/A/Frameworks/vecLib.framework/Versions/A/vecLib
0x0000000007347000 	/System/Library/Frameworks/Accelerate.framework/Versions/A/Frameworks/vecLib.framework/Versions/A/libvMisc.dylib
0x0000000007347000 	/System/Library/Frameworks/Accelerate.framework/Versions/A/Frameworks/vecLib.framework/Versions/A/libvDSP.dylib
0x0000000007347000 	/System/Library/Frameworks/Accelerate.framework/Versions/A/Frameworks/vecLib.framework/Versions/A/libBLAS.dylib
0x0000000007347000 	/System/Library/Frameworks/Accelerate.framework/Versions/A/Frameworks/vecLib.framework/Versions/A/libLAPACK.dylib
0x0000000007347000 	/System/Library/Frameworks/Accelerate.framework/Versions/A/Frameworks/vecLib.framework/Versions/A/libLinearAlgebra.dylib
0x0000000007347000 	/System/Library/Frameworks/Accelerate.framework/Versions/A/Frameworks/vecLib.framework/Versions/A/libSparseBLAS.dylib
0x0000000007347000 	/System/Library/Frameworks/Accelerate.framework/Versions/A/Frameworks/vecLib.framework/Versions/A/libQuadrature.dylib
0x0000000007347000 	/System/Library/Frameworks/Accelerate.framework/Versions/A/Frameworks/vecLib.framework/Versions/A/libBNNS.dylib
0x0000000007347000 	/System/Library/Frameworks/Accelerate.framework/Versions/A/Frameworks/vecLib.framework/Versions/A/libSparse.dylib
0x0000000007347000 	/System/Library/PrivateFrameworks/GPUWrangler.framework/Versions/A/GPUWrangler
0x0000000007347000 	/System/Library/PrivateFrameworks/IOAccelerator.framework/Versions/A/IOAccelerator
0x0000000007347000 	/System/Library/PrivateFrameworks/IOPresentment.framework/Versions/A/IOPresentment
0x0000000007347000 	/System/Library/PrivateFrameworks/DSExternalDisplay.framework/Versions/A/DSExternalDisplay
0x0000000007347000 	/System/Library/Frameworks/OpenGL.framework/Versions/A/Libraries/libCoreFSCache.dylib
0x0000000007347000 	/System/Library/Frameworks/MetalPerformanceShaders.framework/Frameworks/MPSCore.framework/Versions/A/MPSCore
0x0000000007347000 	/System/Library/Frameworks/MetalPerformanceShaders.framework/Frameworks/MPSImage.framework/Versions/A/MPSImage
0x0000000007347000 	/System/Library/Frameworks/MetalPerformanceShaders.framework/Frameworks/MPSNeuralNetwork.framework/Versions/A/MPSNeuralNetwork
0x0000000007347000 	/System/Library/Frameworks/MetalPerformanceShaders.framework/Frameworks/MPSMatrix.framework/Versions/A/MPSMatrix
0x0000000007347000 	/System/Library/Frameworks/MetalPerformanceShaders.framework/Frameworks/MPSRayIntersector.framework/Versions/A/MPSRayIntersector
0x0000000007347000 	/System/Library/PrivateFrameworks/MetalTools.framework/Versions/A/MetalTools
0x0000000007347000 	/System/Library/PrivateFrameworks/AggregateDictionary.framework/Versions/A/AggregateDictionary
0x0000000007347000 	/usr/lib/libMobileGestalt.dylib
0x0000000007347000 	/System/Library/Frameworks/CoreVideo.framework/Versions/A/CoreVideo
0x0000000007347000 	/System/Library/PrivateFrameworks/GraphVisualizer.framework/Versions/A/GraphVisualizer
0x0000000007347000 	/System/Library/PrivateFrameworks/FaceCore.framework/Versions/A/FaceCore
0x0000000007347000 	/System/Library/Frameworks/OpenCL.framework/Versions/A/OpenCL
0x0000000007347000 	/usr/lib/libFosl_dynamic.dylib
0x0000000007347000 	/System/Library/PrivateFrameworks/OTSVG.framework/Versions/A/OTSVG
0x0000000007347000 	/System/Library/Frameworks/ApplicationServices.framework/Versions/A/Frameworks/ATS.framework/Versions/A/Resources/libFontParser.dylib
0x0000000007347000 	/System/Library/Frameworks/ApplicationServices.framework/Versions/A/Frameworks/ATS.framework/Versions/A/Resources/libFontRegistry.dylib
0x0000000007347000 	/System/Library/Frameworks/ImageIO.framework/Versions/A/Resources/libJPEG.dylib
0x0000000007347000 	/System/Library/Frameworks/ImageIO.framework/Versions/A/Resources/libTIFF.dylib
0x0000000007347000 	/System/Library/Frameworks/ImageIO.framework/Versions/A/Resources/libPng.dylib
0x0000000007347000 	/System/Library/Frameworks/ImageIO.framework/Versions/A/Resources/libGIF.dylib
0x0000000007347000 	/System/Library/Frameworks/ImageIO.framework/Versions/A/Resources/libJP2.dylib
0x0000000007347000 	/System/Library/Frameworks/ImageIO.framework/Versions/A/Resources/libRadiance.dylib
0x0000000007347000 	/System/Library/PrivateFrameworks/AppleJPEG.framework/Versions/A/AppleJPEG
0x0000000007347000 	/System/Library/Frameworks/OpenGL.framework/Versions/A/Libraries/libGFXShared.dylib
0x0000000007347000 	/System/Library/Frameworks/OpenGL.framework/Versions/A/Libraries/libGLU.dylib
0x0000000007347000 	/System/Library/Frameworks/OpenGL.framework/Versions/A/Libraries/libGL.dylib
0x0000000007347000 	/System/Library/Frameworks/OpenGL.framework/Versions/A/Libraries/libGLImage.dylib
0x0000000007347000 	/System/Library/Frameworks/OpenGL.framework/Versions/A/Libraries/libCVMSPluginSupport.dylib
0x0000000007347000 	/System/Library/Frameworks/OpenGL.framework/Versions/A/Libraries/libCoreVMClient.dylib
0x0000000007347000 	/usr/lib/libcups.2.dylib
0x0000000007347000 	/System/Library/Frameworks/Kerberos.framework/Versions/A/Kerberos
0x0000000007347000 	/System/Library/Frameworks/GSS.framework/Versions/A/GSS
0x0000000007347000 	/usr/lib/libresolv.9.dylib
0x0000000007347000 	/usr/lib/libiconv.2.dylib
0x0000000007347000 	/System/Library/PrivateFrameworks/Heimdal.framework/Versions/A/Heimdal
0x0000000007347000 	/usr/lib/libheimdal-asn1.dylib
0x0000000007347000 	/System/Library/Frameworks/OpenDirectory.framework/Versions/A/OpenDirectory
0x0000000007347000 	/System/Library/PrivateFrameworks/CommonAuth.framework/Versions/A/CommonAuth
0x0000000007347000 	/System/Library/Frameworks/OpenDirectory.framework/Versions/A/Frameworks/CFOpenDirectory.framework/Versions/A/CFOpenDirectory
0x0000000007347000 	/System/Library/Frameworks/SecurityFoundation.framework/Versions/A/SecurityFoundation
0x0000000007347000 	/System/Library/PrivateFrameworks/APFS.framework/Versions/A/APFS
0x0000000007347000 	/usr/lib/libutil.dylib
0x0000000007347000 	/usr/lib/libcharset.1.dylib
0x0000000007347000 	/System/Library/PrivateFrameworks/AppleSauce.framework/Versions/A/AppleSauce
0x0000000007347000 	/System/Library/PrivateFrameworks/AssertionServices.framework/Versions/A/AssertionServices
0x0000000007347000 	/System/Library/PrivateFrameworks/BaseBoard.framework/Versions/A/BaseBoard
0x0000000007347000 	/usr/lib/libmecab.1.0.0.dylib
0x0000000007347000 	/usr/lib/libgermantok.dylib
0x0000000007347000 	/usr/lib/libThaiTokenizer.dylib
0x0000000007347000 	/usr/lib/libChineseTokenizer.dylib
0x0000000007347000 	/System/Library/PrivateFrameworks/LanguageModeling.framework/Versions/A/LanguageModeling
0x0000000007347000 	/System/Library/PrivateFrameworks/CoreEmoji.framework/Versions/A/CoreEmoji
0x0000000007347000 	/System/Library/PrivateFrameworks/Lexicon.framework/Versions/A/Lexicon
0x0000000007347000 	/System/Library/PrivateFrameworks/LinguisticData.framework/Versions/A/LinguisticData
0x0000000007347000 	/usr/lib/libcmph.dylib
0x0000000007347000 	/System/Library/Frameworks/ServiceManagement.framework/Versions/A/ServiceManagement
0x0000000007347000 	/System/Library/PrivateFrameworks/BackgroundTaskManagement.framework/Versions/A/BackgroundTaskManagement
0x0000000007347000 	/usr/lib/libxslt.1.dylib
0x0000000007347000 	/System/Library/Frameworks/Carbon.framework/Versions/A/Frameworks/Ink.framework/Versions/A/Ink
0x0000000007347000 	/System/Library/PrivateFrameworks/TextureIO.framework/Versions/A/TextureIO
0x0000000007347000 	/usr/lib/libate.dylib
0x0000000007347000 	/System/Library/PrivateFrameworks/CrashReporterSupport.framework/Versions/A/CrashReporterSupport
0x0000000007347000 	/System/Library/PrivateFrameworks/Sharing.framework/Versions/A/Sharing
0x0000000007347000 	/System/Library/PrivateFrameworks/AuthKit.framework/Versions/A/AuthKit
0x0000000007347000 	/System/Library/PrivateFrameworks/Apple80211.framework/Versions/A/Apple80211
0x0000000007347000 	/System/Library/PrivateFrameworks/CoreUtils.framework/Versions/A/CoreUtils
0x0000000007347000 	/System/Library/Frameworks/CoreWLAN.framework/Versions/A/CoreWLAN
0x0000000007347000 	/System/Library/Frameworks/IOBluetooth.framework/Versions/A/IOBluetooth
0x0000000007347000 	/System/Library/PrivateFrameworks/ProtocolBuffer.framework/Versions/A/ProtocolBuffer
0x0000000007347000 	/System/Library/PrivateFrameworks/MobileKeyBag.framework/Versions/A/MobileKeyBag
0x0000000007347000 	/System/Library/PrivateFrameworks/CorePhoneNumbers.framework/Versions/A/CorePhoneNumbers
0x0000000007347000 	/System/Library/PrivateFrameworks/AppleIDAuthSupport.framework/Versions/A/AppleIDAuthSupport
0x0000000007347000 	/System/Library/PrivateFrameworks/KeychainCircle.framework/Versions/A/KeychainCircle
0x0000000007347000 	/System/Library/PrivateFrameworks/ROCKit.framework/Versions/A/ROCKit
0x0000000007347000 	/System/Library/PrivateFrameworks/CoreWiFi.framework/Versions/A/CoreWiFi
0x0000000007347000 	/System/Library/Frameworks/CoreBluetooth.framework/Versions/A/CoreBluetooth
0x0000000007347000 	/System/Library/PrivateFrameworks/DebugSymbols.framework/Versions/A/DebugSymbols
0x0000000007347000 	/System/Library/PrivateFrameworks/CoreSymbolication.framework/Versions/A/CoreSymbolication
0x0000000007347000 	/System/Library/PrivateFrameworks/Symbolication.framework/Versions/A/Symbolication
0x0000000007347000 	/System/Library/PrivateFrameworks/SpeechRecognitionCore.framework/Versions/A/SpeechRecognitionCore
0x0000000007347000 	/System/Library/CoreServices/Encodings/libSimplifiedChineseConverter.dylib
0x0000000105400000 	/Users/yuanqixiang/Downloads/openjdk8/build/macosx-x86_64-normal-server-slowdebug/jdk/lib/server/libjvm.dylib
0x0000000007347000 	/usr/lib/libstdc++.6.dylib
0x000000010438d000 	/Users/yuanqixiang/Downloads/openjdk8/build/macosx-x86_64-normal-server-slowdebug/jdk/lib/libverify.dylib
0x00000001043a1000 	/Users/yuanqixiang/Downloads/openjdk8/build/macosx-x86_64-normal-server-slowdebug/jdk/lib/libjava.dylib
0x0000000106e2a000 	/Users/yuanqixiang/Downloads/openjdk8/build/macosx-x86_64-normal-server-slowdebug/jdk/lib/libzip.dylib
0x0000000007347000 	/System/Library/Frameworks/JavaVM.framework/Versions/A/Frameworks/JavaRuntimeSupport.framework/Versions/A/JavaRuntimeSupport
0x0000000007347000 	/System/Library/Frameworks/JavaVM.framework/Versions/A/Frameworks/JavaNativeFoundation.framework/Versions/A/JavaNativeFoundation
0x0000000007347000 	/System/Library/Frameworks/JavaVM.framework/Versions/A/JavaVM
0x0000000007347000 	/System/Library/Frameworks/Carbon.framework/Versions/A/Carbon
0x0000000007347000 	/System/Library/PrivateFrameworks/JavaLaunching.framework/Versions/A/JavaLaunching
0x0000000007347000 	/System/Library/Frameworks/Carbon.framework/Versions/A/Frameworks/CommonPanels.framework/Versions/A/CommonPanels
0x0000000007347000 	/System/Library/Frameworks/Carbon.framework/Versions/A/Frameworks/Help.framework/Versions/A/Help
0x0000000007347000 	/System/Library/Frameworks/Carbon.framework/Versions/A/Frameworks/ImageCapture.framework/Versions/A/ImageCapture
0x0000000007347000 	/System/Library/Frameworks/Carbon.framework/Versions/A/Frameworks/OpenScripting.framework/Versions/A/OpenScripting
0x0000000007347000 	/System/Library/Frameworks/Carbon.framework/Versions/A/Frameworks/Print.framework/Versions/A/Print
0x0000000007347000 	/System/Library/Frameworks/Carbon.framework/Versions/A/Frameworks/SecurityHI.framework/Versions/A/SecurityHI

VM Arguments:
java_command: <unknown>
java_class_path (initial): .
Launcher Type: SUN_STANDARD

Environment Variables:
PATH=/Users/yuanqixiang/.jenv/shims:/Users/yuanqixiang/.jenv/bin:/usr/local/hadoop-2.9.2/bin:/usr/local/hadoop-2.9.2/sbin:/Users/yuanqixiang/Downloads/phantomjs-2.1.1-macosx/bin:/usr/local/Cellar/rabbitmq/3.7.12/sbin:/anaconda2/bin:/usr/local/apache-maven-3.5.3/bin:/usr/local/mysql/bin/:/anaconda2/envs/python36/bin:/anaconda2/envs/python36/bin:/usr/local/bin:/usr/local/Cellar/rabbitmq/3.7.5/sbin:./usr/local/bin:/usr/bin:/bin:/usr/sbin:/sbin:/opt/X11/bin:/Applications/Wireshark.app/Contents/MacOS:/Library/Java/JavaVirtualMachines/jdk1.8.0_171.jdk/Contents/Home/bin:/usr/local/apache-tomcat-8.5.31/bin:/usr/local/hip-2.0.0/bin
SHELL=/bin/bash
DISPLAY=/private/tmp/com.apple.launchd.4ef1EqzPJp/org.macosforge.xquartz:0

Signal Handlers:
SIGSEGV: [libjvm.dylib+0xbbaa70], sa_mask[0]=11111111011111110111111111111111, sa_flags=SA_ONSTACK|SA_RESTART|SA_SIGINFO
SIGBUS: [libjvm.dylib+0xbbaa70], sa_mask[0]=11111111011111110111111111111111, sa_flags=SA_RESTART|SA_SIGINFO
SIGFPE: [libjvm.dylib+0x9c0330], sa_mask[0]=11111111011111110111111111111111, sa_flags=SA_RESTART|SA_SIGINFO
SIGPIPE: [libjvm.dylib+0x9c0330], sa_mask[0]=11111111011111110111111111111111, sa_flags=SA_RESTART|SA_SIGINFO
SIGXFSZ: [libjvm.dylib+0x9c0330], sa_mask[0]=11111111011111110111111111111111, sa_flags=SA_RESTART|SA_SIGINFO
SIGILL: [libjvm.dylib+0x9c0330], sa_mask[0]=11111111011111110111111111111111, sa_flags=SA_RESTART|SA_SIGINFO
SIGUSR1: SIG_DFL, sa_mask[0]=11011111011111100000000111000110, sa_flags=none
SIGUSR2: [libjvm.dylib+0x9c1660], sa_mask[0]=00000000000000000000000000000000, sa_flags=SA_RESTART|SA_SIGINFO
SIGHUP: [libjvm.dylib+0x9bda90], sa_mask[0]=11111111011111110111111111111111, sa_flags=SA_RESTART|SA_SIGINFO
SIGINT: [libjvm.dylib+0x9bda90], sa_mask[0]=11111111011111110111111111111111, sa_flags=SA_RESTART|SA_SIGINFO
SIGTERM: [libjvm.dylib+0x9bda90], sa_mask[0]=11111111011111110111111111111111, sa_flags=SA_RESTART|SA_SIGINFO
SIGQUIT: [libjvm.dylib+0x9bda90], sa_mask[0]=11111111011111110111111111111111, sa_flags=SA_RESTART|SA_SIGINFO


---------------  S Y S T E M  ---------------

OS:Bsduname:Darwin 18.6.0 Darwin Kernel Version 18.6.0: Thu Apr 25 23:16:27 PDT 2019; root:xnu-4903.261.4~2/RELEASE_X86_64 x86_64
rlimit: STACK 8192k, CORE 0k, NPROC 1418, NOFILE 10240, AS infinity
load average:13.93 7.53 5.72

CPU:total 8 (4 cores per cpu, 2 threads per core) family 6 model 70 stepping 1, cmov, cx8, fxsr, mmx, sse, sse2, sse3, ssse3, sse4.1, sse4.2, popcnt, avx, avx2, aes, clmul, erms, lzcnt, ht, tsc, tscinvbit, bmi1, bmi2

Memory: 4k page, physical 16777216k(811500k free)

/proc/meminfo:


vm_info: OpenJDK 64-Bit Server VM (25.40-b25-debug) for bsd-amd64 JRE (1.8.0-internal-yuanqixiang_2020_04_06_20_03-b00), built on Apr  6 2020 20:13:10 by "yuanqixiang" with gcc 4.2.1 Compatible Apple LLVM 11.0.0 (clang-1100.0.33.17)

time: Mon Apr  6 20:31:56 2020
elapsed time: 0 seconds (0d 0h 0m 0s)

