This file contains any messages produced by compilers while
running configure, to aid debugging if configure makes a mistake.

It was created by OpenJDK configure jdk8, which was
generated by GNU Autoconf 2.69.  Invocation command line was

  $ ./common/autoconf/configure --enable-option-checking=fatal --with-target-bits=64 --with-debug-level=slowdebug --enable-debug-symbols ZIP_DEBUGINFO_FILES=0 --with-freetype-include=/usr/local/include/freetype2 --with-freetype-lib=/usr/local/lib/ --enable-ccache

## --------- ##
## Platform. ##
## --------- ##

hostname = yuanqixiangdeMacBook-Pro.local
uname -m = x86_64
uname -r = 18.6.0
uname -s = Darwin
uname -v = Darwin Kernel Version 18.6.0: Thu Apr 25 23:16:27 PDT 2019; root:xnu-4903.261.4~2/RELEASE_X86_64

/usr/bin/uname -p = i386
/bin/uname -X     = unknown

/bin/arch              = unknown
/usr/bin/arch -k       = unknown
/usr/convex/getsysinfo = unknown
/usr/bin/hostinfo      = Mach kernel version:
	 Darwin Kernel Version 18.6.0: Thu Apr 25 23:16:27 PDT 2019; root:xnu-4903.261.4~2/RELEASE_X86_64
Kernel configured for up to 8 processors.
4 processors are physically available.
8 processors are logically available.
Processor type: x86_64h (Intel x86-64h Haswell)
Processors active: 0 1 2 3 4 5 6 7
Primary memory available: 16.00 gigabytes
Default processor set: 421 tasks, 2164 threads, 8 processors
Load average: 4.04, Mach factor: 4.02
/bin/machine           = unknown
/usr/bin/oslevel       = unknown
/bin/universe          = unknown

PATH: /Users/yuanqixiang/.jenv/shims
PATH: /Users/yuanqixiang/.jenv/bin
PATH: /usr/local/hadoop-2.9.2/bin
PATH: /usr/local/hadoop-2.9.2/sbin
PATH: /Users/yuanqixiang/Downloads/phantomjs-2.1.1-macosx/bin
PATH: /usr/local/Cellar/rabbitmq/3.7.12/sbin
PATH: /anaconda2/bin
PATH: /usr/local/apache-maven-3.5.3/bin
PATH: /usr/local/mysql/bin/
PATH: /anaconda2/envs/python36/bin
PATH: /anaconda2/envs/python36/bin
PATH: /usr/local/bin
PATH: /usr/local/Cellar/rabbitmq/3.7.5/sbin
PATH: ./usr/local/bin
PATH: /usr/bin
PATH: /bin
PATH: /usr/sbin
PATH: /sbin
PATH: /opt/X11/bin
PATH: /Applications/Wireshark.app/Contents/MacOS
PATH: /Library/Java/JavaVirtualMachines/jdk1.8.0_171.jdk/Contents/Home/bin
PATH: /usr/local/apache-tomcat-8.5.31/bin
PATH: /usr/local/hip-2.0.0/bin


## ----------- ##
## Core tests. ##
## ----------- ##

configure:3892: Configuration created at Mon Apr  6 20:03:37 CST 2020.
configure:3894: configure script generated at timestamp 1573688723.
configure:3911: checking for basename
configure:3929: found /usr/bin/basename
configure:3941: result: /usr/bin/basename
configure:3970: checking for bash
configure:4000: result: /bin/bash
configure:4029: checking for cat
configure:4047: found /bin/cat
configure:4059: result: /bin/cat
configure:4088: checking for chmod
configure:4106: found /bin/chmod
configure:4118: result: /bin/chmod
configure:4147: checking for cmp
configure:4165: found /usr/bin/cmp
configure:4177: result: /usr/bin/cmp
configure:4206: checking for comm
configure:4224: found /usr/bin/comm
configure:4236: result: /usr/bin/comm
configure:4265: checking for cp
configure:4283: found /bin/cp
configure:4295: result: /bin/cp
configure:4324: checking for cpio
configure:4342: found /usr/bin/cpio
configure:4354: result: /usr/bin/cpio
configure:4383: checking for cut
configure:4401: found /usr/bin/cut
configure:4413: result: /usr/bin/cut
configure:4442: checking for date
configure:4460: found /bin/date
configure:4472: result: /bin/date
configure:4501: checking for gdiff
configure:4534: result: no
configure:4501: checking for diff
configure:4519: found /usr/bin/diff
configure:4531: result: /usr/bin/diff
configure:4560: checking for dirname
configure:4578: found /usr/bin/dirname
configure:4590: result: /usr/bin/dirname
configure:4619: checking for echo
configure:4637: found /bin/echo
configure:4649: result: /bin/echo
configure:4678: checking for expr
configure:4696: found /bin/expr
configure:4708: result: /bin/expr
configure:4737: checking for file
configure:4755: found /usr/bin/file
configure:4767: result: /usr/bin/file
configure:4796: checking for find
configure:4814: found /usr/bin/find
configure:4826: result: /usr/bin/find
configure:4855: checking for head
configure:4873: found /usr/bin/head
configure:4885: result: /usr/bin/head
configure:4914: checking for ln
configure:4932: found /bin/ln
configure:4944: result: /bin/ln
configure:4973: checking for ls
configure:4991: found /bin/ls
configure:5003: result: /bin/ls
configure:5032: checking for mkdir
configure:5050: found /bin/mkdir
configure:5062: result: /bin/mkdir
configure:5091: checking for mktemp
configure:5109: found /usr/bin/mktemp
configure:5121: result: /usr/bin/mktemp
configure:5150: checking for mv
configure:5168: found /bin/mv
configure:5180: result: /bin/mv
configure:5209: checking for printf
configure:5227: found /usr/bin/printf
configure:5239: result: /usr/bin/printf
configure:5268: checking for rm
configure:5286: found /bin/rm
configure:5298: result: /bin/rm
configure:5327: checking for sh
configure:5345: found /bin/sh
configure:5357: result: /bin/sh
configure:5386: checking for sort
configure:5404: found /usr/bin/sort
configure:5416: result: /usr/bin/sort
configure:5445: checking for tail
configure:5463: found /usr/bin/tail
configure:5475: result: /usr/bin/tail
configure:5504: checking for tar
configure:5522: found /usr/bin/tar
configure:5534: result: /usr/bin/tar
configure:5563: checking for tee
configure:5581: found /usr/bin/tee
configure:5593: result: /usr/bin/tee
configure:5622: checking for touch
configure:5640: found /usr/bin/touch
configure:5652: result: /usr/bin/touch
configure:5681: checking for tr
configure:5699: found /usr/bin/tr
configure:5711: result: /usr/bin/tr
configure:5740: checking for uname
configure:5758: found /usr/bin/uname
configure:5770: result: /usr/bin/uname
configure:5799: checking for uniq
configure:5817: found /usr/bin/uniq
configure:5829: result: /usr/bin/uniq
configure:5858: checking for wc
configure:5876: found /usr/bin/wc
configure:5888: result: /usr/bin/wc
configure:5917: checking for which
configure:5935: found /usr/bin/which
configure:5947: result: /usr/bin/which
configure:5976: checking for xargs
configure:5994: found /usr/bin/xargs
configure:6006: result: /usr/bin/xargs
configure:6036: checking for gawk
configure:6066: result: no
configure:6036: checking for mawk
configure:6066: result: no
configure:6036: checking for nawk
configure:6066: result: no
configure:6036: checking for awk
configure:6052: found /usr/bin/awk
configure:6063: result: awk
configure:6086: checking for grep that handles long lines and -e
configure:6144: result: /usr/bin/grep
configure:6161: checking for egrep
configure:6223: result: /usr/bin/grep -E
configure:6240: checking for fgrep
configure:6302: result: /usr/bin/grep -F
configure:6319: checking for a sed that does not truncate output
configure:6383: result: /usr/bin/sed
configure:6405: checking for nawk
configure:6438: result: no
configure:6405: checking for gawk
configure:6438: result: no
configure:6405: checking for awk
configure:6423: found /usr/bin/awk
configure:6435: result: /usr/bin/awk
configure:6469: checking for cygpath
configure:6502: result: no
configure:6509: checking for readlink
configure:6527: found /usr/bin/readlink
configure:6539: result: /usr/bin/readlink
configure:6549: checking for df
configure:6567: found /bin/df
configure:6579: result: /bin/df
configure:6589: checking for SetFile
configure:6607: found /usr/bin/SetFile
configure:6619: result: /usr/bin/SetFile
configure:6635: checking build system type
configure:6649: result: x86_64-apple-darwin18.6.0
configure:6669: checking host system type
configure:6682: result: x86_64-apple-darwin18.6.0
configure:6702: checking target system type
configure:6715: result: x86_64-apple-darwin18.6.0
configure:6887: checking openjdk-build os-cpu
configure:6889: result: macosx-x86_64
configure:7018: checking openjdk-target os-cpu
configure:7020: result: macosx-x86_64
configure:7062: --with-target-bits are set to build platform address size; argument has no meaning
configure:7070: checking compilation type
configure:7072: result: native
configure:7771: checking for presence of closed sources
configure:7778: result: no
configure:7781: checking if closed source is suppressed (openjdk-only)
configure:7784: result: no
configure:7821: checking which variant of the JDK to build
configure:7838: result: normal
configure:7848: checking which interpreter of the JVM to build
configure:7869: result: template
configure:7886: checking which variants of the JVM to build
configure:7905: result: server
configure:7977: checking which debug level to use
configure:8001: result: slowdebug
configure:8166: checking what configuration name to use
configure:8168: result: macosx-x86_64-normal-server-slowdebug
configure:8335: checking for apt-get
configure:8365: result: no
configure:8335: checking for yum
configure:8365: result: no
configure:8335: checking for port
configure:8365: result: no
configure:8335: checking for pkgutil
configure:8351: found /usr/sbin/pkgutil
configure:8362: result: pkgutil
configure:8700: checking for gmake
configure:8733: result: no
configure:9054: checking for make
configure:9072: found /usr/bin/make
configure:9084: result: /usr/bin/make
configure:9099: Testing potential make at /usr/bin/make, found using make in PATH
configure:9367: Resolving FOUND_MAKE (as /usr/bin/make) failed, using /usr/bin/make directly.
configure:10126: Using GNU make 3.81 (or later) at /usr/bin/make (version: GNU Make 3.81)
configure:10132: checking if find supports -delete
configure:10148: result: yes
configure:10162: checking for unzip
configure:10180: found /usr/bin/unzip
configure:10192: result: /usr/bin/unzip
configure:10221: checking for zip
configure:10239: found /usr/bin/zip
configure:10251: result: /usr/bin/zip
configure:10280: checking for ldd
configure:10313: result: no
configure:10326: checking for otool
configure:10344: found /usr/bin/otool
configure:10356: result: /usr/bin/otool
configure:10371: checking for readelf
configure:10404: result: no
configure:10371: checking for greadelf
configure:10404: result: no
configure:10414: checking for hg
configure:10432: found /usr/local/bin/hg
configure:10444: result: /usr/local/bin/hg
configure:10454: checking for stat
configure:10472: found /usr/bin/stat
configure:10484: result: /usr/bin/stat
configure:10494: checking for time
configure:10512: found /usr/bin/time
configure:10524: result: /usr/bin/time
configure:10609: checking for dsymutil
configure:10627: found /usr/bin/dsymutil
configure:10639: result: /usr/bin/dsymutil
configure:10668: checking for xattr
configure:10686: found /usr/bin/xattr
configure:10698: result: /usr/bin/xattr
configure:10724: checking for codesign
configure:10742: found /usr/bin/codesign
configure:10754: result: /usr/bin/codesign
configure:10764: checking if openjdk_codesign certificate is present
error: The specified item could not be found in the keychain.
configure:10771: result: no
configure:10831: checking for pkg-config
configure:10864: result: no
configure:11004: checking for 7z
configure:11034: result: no
configure:11004: checking for unzip
configure:11020: found /usr/bin/unzip
configure:11031: result: unzip
configure:11050: checking for wget
configure:11066: found /usr/local/bin/wget
configure:11077: result: wget
configure:11104: checking headful support
configure:11128: result: include support for both headful and headless
configure:12179: Found potential Boot JDK using /usr/libexec/java_home
configure:12202: Potential Boot JDK found at /Library/Java/JavaVirtualMachines/openjdk-14.jdk/Contents/Home did not contain an rt.jar; ignoring
configure:12366: checking for javac
configure:12384: found /Users/yuanqixiang/.jenv/shims/javac
configure:12396: result: /Users/yuanqixiang/.jenv/shims/javac
configure:12406: checking for java
configure:12424: found /Users/yuanqixiang/.jenv/shims/java
configure:12436: result: /Users/yuanqixiang/.jenv/shims/java
configure:14635: Found potential Boot JDK using well-known locations (in /Library/Java/JavaVirtualMachines/openjdk-14.jdk)
configure:14658: Potential Boot JDK found at /Library/Java/JavaVirtualMachines/openjdk-14.jdk/Contents/Home did not contain an rt.jar; ignoring
configure:14635: Found potential Boot JDK using well-known locations (in /Library/Java/JavaVirtualMachines/jdk1.8.0_171.jdk)
configure:14798: checking for Boot JDK
configure:14800: result: /Library/Java/JavaVirtualMachines/jdk1.8.0_171.jdk/Contents/Home
configure:14802: checking Boot JDK version
configure:14805: result: java version "1.8.0_171" Java(TM) SE Runtime Environment (build 1.8.0_171-b11) Java HotSpot(TM) 64-Bit Server VM (build 25.171-b11, mixed mode) 
configure:15974: checking for java in Boot JDK
configure:15984: result: ok
configure:15988: checking for javac in Boot JDK
configure:15998: result: ok
configure:16002: checking for javah in Boot JDK
configure:16012: result: ok
configure:16016: checking for javap in Boot JDK
configure:16026: result: ok
configure:16030: checking for jar in Boot JDK
configure:16040: result: ok
configure:16044: checking for rmic in Boot JDK
configure:16054: result: ok
configure:16058: checking for native2ascii in Boot JDK
configure:16068: result: ok
configure:16091: checking flags for boot jdk java command 
Check if jvm arg is ok: -XX:-PrintVMOptions -XX:-UnlockDiagnosticVMOptions -XX:-LogVMOutput
Command: /Library/Java/JavaVirtualMachines/jdk1.8.0_171.jdk/Contents/Home/bin/java -XX:-PrintVMOptions -XX:-UnlockDiagnosticVMOptions -XX:-LogVMOutput -version
Arg failed:
Error: VM option 'LogVMOutput' is diagnostic and must be enabled via -XX:+UnlockDiagnosticVMOptions.
Error: Could not create the Java Virtual Machine.
Error: A fatal exception has occurred. Program will exit.
Check if jvm arg is ok: 
Command: /Library/Java/JavaVirtualMachines/jdk1.8.0_171.jdk/Contents/Home/bin/java  -version
configure:16128: result:  
configure:16136: checking flags for boot jdk java command for big workloads
Check if jvm arg is ok: -Xms64M
Command: /Library/Java/JavaVirtualMachines/jdk1.8.0_171.jdk/Contents/Home/bin/java -Xms64M -version
Check if jvm arg is ok: -Xmx1600M
Command: /Library/Java/JavaVirtualMachines/jdk1.8.0_171.jdk/Contents/Home/bin/java -Xmx1600M -version
Check if jvm arg is ok: -XX:ThreadStackSize=1536
Command: /Library/Java/JavaVirtualMachines/jdk1.8.0_171.jdk/Contents/Home/bin/java -XX:ThreadStackSize=1536 -version
Check if jvm arg is ok: -XX:PermSize=32m
Command: /Library/Java/JavaVirtualMachines/jdk1.8.0_171.jdk/Contents/Home/bin/java -XX:PermSize=32m -version
Arg failed:
Java HotSpot(TM) 64-Bit Server VM warning: ignoring option PermSize=32m; support was removed in 8.0
java version "1.8.0_171"
Java(TM) SE Runtime Environment (build 1.8.0_171-b11)
Java HotSpot(TM) 64-Bit Server VM (build 25.171-b11, mixed mode)
Check if jvm arg is ok: -XX:MaxPermSize=160m
Command: /Library/Java/JavaVirtualMachines/jdk1.8.0_171.jdk/Contents/Home/bin/java -XX:MaxPermSize=160m -version
Arg failed:
Java HotSpot(TM) 64-Bit Server VM warning: ignoring option MaxPermSize=160m; support was removed in 8.0
java version "1.8.0_171"
Java(TM) SE Runtime Environment (build 1.8.0_171-b11)
Java HotSpot(TM) 64-Bit Server VM (build 25.171-b11, mixed mode)
configure:16230: result:  -Xms64M -Xmx1600M -XX:ThreadStackSize=1536
configure:16237: checking flags for boot jdk java command for small workloads
Check if jvm arg is ok: -XX:+UseSerialGC
Command: /Library/Java/JavaVirtualMachines/jdk1.8.0_171.jdk/Contents/Home/bin/java -XX:+UseSerialGC -version
Check if jvm arg is ok: -Xms32M
Command: /Library/Java/JavaVirtualMachines/jdk1.8.0_171.jdk/Contents/Home/bin/java -Xms32M -version
Check if jvm arg is ok: -Xmx512M
Command: /Library/Java/JavaVirtualMachines/jdk1.8.0_171.jdk/Contents/Home/bin/java -Xmx512M -version
configure:16287: result:  -XX:+UseSerialGC -Xms32M -Xmx512M
configure:16655: checking for jtreg
configure:16657: result: no
configure:19335: checking for gcc
configure:19353: found /usr/bin/gcc
configure:19365: result: /usr/bin/gcc
configure:19648: Resolving CC (as /usr/bin/gcc) failed, using /usr/bin/gcc directly.
configure:19682: checking resolved symbolic links for CC
configure:19732: result: /usr/bin/gcc
configure:19735: checking if CC is disguised ccache
configure:20174: result: no, keeping CC
configure:20228: The C compiler (located as /usr/bin/gcc) does not seem to be the required GCC compiler.
configure:20230: The result from running with --version was: "Configured with: --prefix=/Applications/Xcode.app/Contents/Developer/usr --with-gxx-include-dir=/Applications/Xcode.app/Contents/Developer/Platforms/MacOSX.platform/Developer/SDKs/MacOSX.sdk/usr/include/c++/4.2.1"
configure:20245: Using  C compiler version  (located at /usr/bin/gcc)
configure:20362: checking for C compiler version
configure:20371: /usr/bin/gcc --version >&5
Apple clang version 11.0.0 (clang-1100.0.33.17)
Target: x86_64-apple-darwin18.6.0
Thread model: posix
InstalledDir: /Applications/Xcode.app/Contents/Developer/Toolchains/XcodeDefault.xctoolchain/usr/bin
Configured with: --prefix=/Applications/Xcode.app/Contents/Developer/usr --with-gxx-include-dir=/Applications/Xcode.app/Contents/Developer/Platforms/MacOSX.platform/Developer/SDKs/MacOSX.sdk/usr/include/c++/4.2.1
configure:20382: $? = 0
configure:20371: /usr/bin/gcc -v >&5
Configured with: --prefix=/Applications/Xcode.app/Contents/Developer/usr --with-gxx-include-dir=/Applications/Xcode.app/Contents/Developer/Platforms/MacOSX.platform/Developer/SDKs/MacOSX.sdk/usr/include/c++/4.2.1
Apple clang version 11.0.0 (clang-1100.0.33.17)
Target: x86_64-apple-darwin18.6.0
Thread model: posix
InstalledDir: /Applications/Xcode.app/Contents/Developer/Toolchains/XcodeDefault.xctoolchain/usr/bin
configure:20382: $? = 0
configure:20371: /usr/bin/gcc -V >&5
clang: error: unsupported option '-V -Wno-framework-include-private-from-public'
clang: error: no input files
configure:20382: $? = 1
configure:20371: /usr/bin/gcc -qversion >&5
clang: error: unknown argument '-qversion', did you mean '--version'?
clang: error: no input files
configure:20382: $? = 1
configure:20402: checking whether the C compiler works
configure:20424: /usr/bin/gcc    conftest.c  >&5
configure:20428: $? = 0
configure:20476: result: yes
configure:20479: checking for C compiler default output file name
configure:20481: result: a.out
configure:20487: checking for suffix of executables
configure:20494: /usr/bin/gcc -o conftest    conftest.c  >&5
configure:20498: $? = 0
configure:20520: result: 
configure:20542: checking whether we are cross compiling
configure:20550: /usr/bin/gcc -o conftest    conftest.c  >&5
configure:20554: $? = 0
configure:20561: ./conftest
configure:20565: $? = 0
configure:20580: result: no
configure:20585: checking for suffix of object files
configure:20607: /usr/bin/gcc -c   conftest.c >&5
configure:20611: $? = 0
configure:20632: result: o
configure:20636: checking whether we are using the GNU C compiler
configure:20655: /usr/bin/gcc -c   conftest.c >&5
configure:20655: $? = 0
configure:20664: result: yes
configure:20673: checking whether /usr/bin/gcc accepts -g
configure:20693: /usr/bin/gcc -c -g  conftest.c >&5
configure:20693: $? = 0
configure:20734: result: yes
configure:20751: checking for /usr/bin/gcc option to accept ISO C89
configure:20814: /usr/bin/gcc  -c -g -O2  conftest.c >&5
configure:20814: $? = 0
configure:20827: result: none needed
configure:20936: checking for g++
configure:20954: found /usr/bin/g++
configure:20966: result: /usr/bin/g++
configure:21249: Resolving CXX (as /usr/bin/g++) failed, using /usr/bin/g++ directly.
configure:21283: checking resolved symbolic links for CXX
configure:21333: result: /usr/bin/g++
configure:21336: checking if CXX is disguised ccache
configure:21775: result: no, keeping CXX
configure:21829: The C++ compiler (located as /usr/bin/g++) does not seem to be the required GCC compiler.
configure:21831: The result from running with --version was: "Configured with: --prefix=/Applications/Xcode.app/Contents/Developer/usr --with-gxx-include-dir=/Applications/Xcode.app/Contents/Developer/Platforms/MacOSX.platform/Developer/SDKs/MacOSX.sdk/usr/include/c++/4.2.1"
configure:21846: Using  C++ compiler version  (located at /usr/bin/g++)
configure:21963: checking for C++ compiler version
configure:21972: /usr/bin/g++ --version >&5
Apple clang version 11.0.0 (clang-1100.0.33.17)
Target: x86_64-apple-darwin18.6.0
Thread model: posix
InstalledDir: /Applications/Xcode.app/Contents/Developer/Toolchains/XcodeDefault.xctoolchain/usr/bin
Configured with: --prefix=/Applications/Xcode.app/Contents/Developer/usr --with-gxx-include-dir=/Applications/Xcode.app/Contents/Developer/Platforms/MacOSX.platform/Developer/SDKs/MacOSX.sdk/usr/include/c++/4.2.1
configure:21983: $? = 0
configure:21972: /usr/bin/g++ -v >&5
Configured with: --prefix=/Applications/Xcode.app/Contents/Developer/usr --with-gxx-include-dir=/Applications/Xcode.app/Contents/Developer/Platforms/MacOSX.platform/Developer/SDKs/MacOSX.sdk/usr/include/c++/4.2.1
Apple clang version 11.0.0 (clang-1100.0.33.17)
Target: x86_64-apple-darwin18.6.0
Thread model: posix
InstalledDir: /Applications/Xcode.app/Contents/Developer/Toolchains/XcodeDefault.xctoolchain/usr/bin
configure:21983: $? = 0
configure:21972: /usr/bin/g++ -V >&5
clang: error: unsupported option '-V -Wno-framework-include-private-from-public'
clang: error: no input files
configure:21983: $? = 1
configure:21972: /usr/bin/g++ -qversion >&5
clang: error: unknown argument '-qversion', did you mean '--version'?
clang: error: no input files
configure:21983: $? = 1
configure:21987: checking whether we are using the GNU C++ compiler
configure:22006: /usr/bin/g++ -c   conftest.cpp >&5
configure:22006: $? = 0
configure:22015: result: yes
configure:22024: checking whether /usr/bin/g++ accepts -g
configure:22044: /usr/bin/g++ -c -g  conftest.cpp >&5
configure:22044: $? = 0
configure:22085: result: yes
configure:22166: checking for gcc
configure:22182: found /usr/bin/gcc
configure:22193: result: gcc
configure:22218: checking for Objective C compiler version
configure:22227: gcc --version >&5
Apple clang version 11.0.0 (clang-1100.0.33.17)
Target: x86_64-apple-darwin18.6.0
Thread model: posix
InstalledDir: /Applications/Xcode.app/Contents/Developer/Toolchains/XcodeDefault.xctoolchain/usr/bin
Configured with: --prefix=/Applications/Xcode.app/Contents/Developer/usr --with-gxx-include-dir=/Applications/Xcode.app/Contents/Developer/Platforms/MacOSX.platform/Developer/SDKs/MacOSX.sdk/usr/include/c++/4.2.1
configure:22238: $? = 0
configure:22227: gcc -v >&5
Configured with: --prefix=/Applications/Xcode.app/Contents/Developer/usr --with-gxx-include-dir=/Applications/Xcode.app/Contents/Developer/Platforms/MacOSX.platform/Developer/SDKs/MacOSX.sdk/usr/include/c++/4.2.1
Apple clang version 11.0.0 (clang-1100.0.33.17)
Target: x86_64-apple-darwin18.6.0
Thread model: posix
InstalledDir: /Applications/Xcode.app/Contents/Developer/Toolchains/XcodeDefault.xctoolchain/usr/bin
configure:22238: $? = 0
configure:22227: gcc -V >&5
clang: error: unsupported option '-V -Wno-framework-include-private-from-public'
clang: error: no input files
configure:22238: $? = 1
configure:22227: gcc -qversion >&5
clang: error: unknown argument '-qversion', did you mean '--version'?
clang: error: no input files
configure:22238: $? = 1
configure:22242: checking whether we are using the GNU Objective C compiler
configure:22261: gcc -c   conftest.m >&5
configure:22261: $? = 0
configure:22270: result: yes
configure:22279: checking whether gcc accepts -g
configure:22299: gcc -c -g  conftest.m >&5
configure:22299: $? = 0
configure:22340: result: yes
configure:22625: Rewriting OBJC to "/usr/bin/gcc"
configure:22695: checking for ar
configure:22711: found /usr/bin/ar
configure:22722: result: ar
configure:23006: Rewriting AR to "/usr/bin/ar"
configure:24711: checking how to run the C preprocessor
configure:24742: /usr/bin/gcc -E  conftest.c
configure:24742: $? = 0
configure:24756: /usr/bin/gcc -E  conftest.c
conftest.c:9:10: fatal error: 'ac_nonexistent.h' file not found
#include <ac_nonexistent.h>
         ^~~~~~~~~~~~~~~~~~
1 error generated.
configure:24756: $? = 1
configure: failed program was:
| /* confdefs.h */
| #define PACKAGE_NAME "OpenJDK"
| #define PACKAGE_TARNAME "openjdk"
| #define PACKAGE_VERSION "jdk8"
| #define PACKAGE_STRING "OpenJDK jdk8"
| #define PACKAGE_BUGREPORT "build-dev@openjdk.java.net"
| #define PACKAGE_URL "http://openjdk.java.net"
| /* end confdefs.h.  */
| #include <ac_nonexistent.h>
configure:24781: result: /usr/bin/gcc -E
configure:24801: /usr/bin/gcc -E  conftest.c
configure:24801: $? = 0
configure:24815: /usr/bin/gcc -E  conftest.c
conftest.c:9:10: fatal error: 'ac_nonexistent.h' file not found
#include <ac_nonexistent.h>
         ^~~~~~~~~~~~~~~~~~
1 error generated.
configure:24815: $? = 1
configure: failed program was:
| /* confdefs.h */
| #define PACKAGE_NAME "OpenJDK"
| #define PACKAGE_TARNAME "openjdk"
| #define PACKAGE_VERSION "jdk8"
| #define PACKAGE_STRING "OpenJDK jdk8"
| #define PACKAGE_BUGREPORT "build-dev@openjdk.java.net"
| #define PACKAGE_URL "http://openjdk.java.net"
| /* end confdefs.h.  */
| #include <ac_nonexistent.h>
configure:25079: Resolving CPP (as /usr/bin/gcc) failed, using /usr/bin/gcc directly.
configure:25115: checking how to run the C++ preprocessor
configure:25142: /usr/bin/g++ -E  conftest.cpp
configure:25142: $? = 0
configure:25156: /usr/bin/g++ -E  conftest.cpp
conftest.cpp:9:10: fatal error: 'ac_nonexistent.h' file not found
#include <ac_nonexistent.h>
         ^~~~~~~~~~~~~~~~~~
1 error generated.
configure:25156: $? = 1
configure: failed program was:
| /* confdefs.h */
| #define PACKAGE_NAME "OpenJDK"
| #define PACKAGE_TARNAME "openjdk"
| #define PACKAGE_VERSION "jdk8"
| #define PACKAGE_STRING "OpenJDK jdk8"
| #define PACKAGE_BUGREPORT "build-dev@openjdk.java.net"
| #define PACKAGE_URL "http://openjdk.java.net"
| /* end confdefs.h.  */
| #include <ac_nonexistent.h>
configure:25181: result: /usr/bin/g++ -E
configure:25201: /usr/bin/g++ -E  conftest.cpp
configure:25201: $? = 0
configure:25215: /usr/bin/g++ -E  conftest.cpp
conftest.cpp:9:10: fatal error: 'ac_nonexistent.h' file not found
#include <ac_nonexistent.h>
         ^~~~~~~~~~~~~~~~~~
1 error generated.
configure:25215: $? = 1
configure: failed program was:
| /* confdefs.h */
| #define PACKAGE_NAME "OpenJDK"
| #define PACKAGE_TARNAME "openjdk"
| #define PACKAGE_VERSION "jdk8"
| #define PACKAGE_STRING "OpenJDK jdk8"
| #define PACKAGE_BUGREPORT "build-dev@openjdk.java.net"
| #define PACKAGE_URL "http://openjdk.java.net"
| /* end confdefs.h.  */
| #include <ac_nonexistent.h>
configure:25479: Resolving CXXCPP (as /usr/bin/g++) failed, using /usr/bin/g++ directly.
configure:27112: checking for nm
configure:27128: found /usr/bin/nm
configure:27139: result: nm
configure:27423: Rewriting NM to "/usr/bin/nm"
configure:27472: checking for strip
configure:27488: found /usr/bin/strip
configure:27499: result: strip
configure:27783: Rewriting STRIP to "/usr/bin/strip"
configure:28212: checking for gobjdump
configure:28242: result: no
configure:28212: checking for objdump
configure:28228: found /usr/bin/objdump
configure:28239: result: objdump
configure:28527: Rewriting OBJDUMP to "/usr/bin/objdump"
configure:28536: checking for lipo
configure:28554: found /usr/bin/lipo
configure:28566: result: /usr/bin/lipo
configure:28810: Resolving LIPO (as /usr/bin/lipo) failed, using /usr/bin/lipo directly.
configure:28853: checking for ANSI C header files
configure:28873: /usr/bin/g++ -c   conftest.cpp >&5
configure:28873: $? = 0
configure:28946: /usr/bin/g++ -o conftest    conftest.cpp  >&5
configure:28946: $? = 0
configure:28946: ./conftest
configure:28946: $? = 0
configure:28957: result: yes
configure:28970: checking for sys/types.h
configure:28970: /usr/bin/g++ -c   conftest.cpp >&5
configure:28970: $? = 0
configure:28970: result: yes
configure:28970: checking for sys/stat.h
configure:28970: /usr/bin/g++ -c   conftest.cpp >&5
configure:28970: $? = 0
configure:28970: result: yes
configure:28970: checking for stdlib.h
configure:28970: /usr/bin/g++ -c   conftest.cpp >&5
configure:28970: $? = 0
configure:28970: result: yes
configure:28970: checking for string.h
configure:28970: /usr/bin/g++ -c   conftest.cpp >&5
configure:28970: $? = 0
configure:28970: result: yes
configure:28970: checking for memory.h
configure:28970: /usr/bin/g++ -c   conftest.cpp >&5
configure:28970: $? = 0
configure:28970: result: yes
configure:28970: checking for strings.h
configure:28970: /usr/bin/g++ -c   conftest.cpp >&5
configure:28970: $? = 0
configure:28970: result: yes
configure:28970: checking for inttypes.h
configure:28970: /usr/bin/g++ -c   conftest.cpp >&5
configure:28970: $? = 0
configure:28970: result: yes
configure:28970: checking for stdint.h
configure:28970: /usr/bin/g++ -c   conftest.cpp >&5
configure:28970: $? = 0
configure:28970: result: yes
configure:28970: checking for unistd.h
configure:28970: /usr/bin/g++ -c   conftest.cpp >&5
configure:28970: $? = 0
configure:28970: result: yes
configure:29036: checking stdio.h usability
configure:29036: /usr/bin/g++ -c   conftest.cpp >&5
configure:29036: $? = 0
configure:29036: result: yes
configure:29036: checking stdio.h presence
configure:29036: /usr/bin/g++ -E  conftest.cpp
configure:29036: $? = 0
configure:29036: result: yes
configure:29036: checking for stdio.h
configure:29036: result: yes
configure:29064: checking size of int *
configure:29069: /usr/bin/g++ -o conftest    conftest.cpp  >&5
configure:29069: $? = 0
configure:29069: ./conftest
configure:29069: $? = 0
configure:29083: result: 8
configure:29176: checking for target address size
configure:29178: result: 64 bits
configure:29186: checking whether byte ordering is bigendian
configure:29201: /usr/bin/g++ -c   conftest.cpp >&5
configure:29201: $? = 0
configure:29246: /usr/bin/g++ -c   conftest.cpp >&5
configure:29246: $? = 0
configure:29264: /usr/bin/g++ -c   conftest.cpp >&5
conftest.cpp:28:11: error: expected ';' after expression
                 not big endian
                        ^
                        ;
conftest.cpp:28:8: error: use of undeclared identifier 'big'
                 not big endian
                     ^
conftest.cpp:28:12: error: use of undeclared identifier 'endian'
                 not big endian
                         ^
3 errors generated.
configure:29264: $? = 1
configure: failed program was:
| /* confdefs.h */
| #define PACKAGE_NAME "OpenJDK"
| #define PACKAGE_TARNAME "openjdk"
| #define PACKAGE_VERSION "jdk8"
| #define PACKAGE_STRING "OpenJDK jdk8"
| #define PACKAGE_BUGREPORT "build-dev@openjdk.java.net"
| #define PACKAGE_URL "http://openjdk.java.net"
| #define STDC_HEADERS 1
| #define HAVE_SYS_TYPES_H 1
| #define HAVE_SYS_STAT_H 1
| #define HAVE_STDLIB_H 1
| #define HAVE_STRING_H 1
| #define HAVE_MEMORY_H 1
| #define HAVE_STRINGS_H 1
| #define HAVE_INTTYPES_H 1
| #define HAVE_STDINT_H 1
| #define HAVE_UNISTD_H 1
| #define HAVE_STDIO_H 1
| #define SIZEOF_INT_P 8
| /* end confdefs.h.  */
| #include <sys/types.h>
| 		#include <sys/param.h>
| 
| int
| main ()
| {
| #if BYTE_ORDER != BIG_ENDIAN
| 		 not big endian
| 		#endif
| 
|   ;
|   return 0;
| }
configure:29392: result: no
configure:30051: checking if compiler supports "-m64"
configure:30067: /usr/bin/gcc -c  -m64  conftest.c >&5
configure:30067: $? = 0
configure:30093: /usr/bin/g++ -c  -m64  conftest.cpp >&5
configure:30093: $? = 0
configure:30107: result: yes
configure:30120: checking if compiler supports "-m64"
configure:30136: /usr/bin/gcc -c  -m64  conftest.c >&5
configure:30136: $? = 0
configure:30162: /usr/bin/g++ -c  -m64  conftest.cpp >&5
configure:30162: $? = 0
configure:30176: result: yes
configure:30220: checking if we should generate debug symbols
configure:30245: result: true
configure:30251: checking if we should zip debug-info files
configure:30260: result: yes
configure:30386: checking what is not needed on MacOSX?
configure:30393: result: alsa pulse x11
configure:30430: checking for Mac OS X Java Framework
configure:30436: result: no
configure:30470: checking for X
configure:30578: /usr/bin/g++ -E  conftest.cpp
configure:30578: $? = 0
configure:30609: /usr/bin/g++ -o conftest    conftest.cpp -lX11  >&5
ld: library not found for -lX11
clang: error: linker command failed with exit code 1 (use -v to see invocation)
configure:30609: $? = 1
configure: failed program was:
| /* confdefs.h */
| #define PACKAGE_NAME "OpenJDK"
| #define PACKAGE_TARNAME "openjdk"
| #define PACKAGE_VERSION "jdk8"
| #define PACKAGE_STRING "OpenJDK jdk8"
| #define PACKAGE_BUGREPORT "build-dev@openjdk.java.net"
| #define PACKAGE_URL "http://openjdk.java.net"
| #define STDC_HEADERS 1
| #define HAVE_SYS_TYPES_H 1
| #define HAVE_SYS_STAT_H 1
| #define HAVE_STDLIB_H 1
| #define HAVE_STRING_H 1
| #define HAVE_MEMORY_H 1
| #define HAVE_STRINGS_H 1
| #define HAVE_INTTYPES_H 1
| #define HAVE_STDINT_H 1
| #define HAVE_UNISTD_H 1
| #define HAVE_STDIO_H 1
| #define SIZEOF_INT_P 8
| /* end confdefs.h.  */
| #include <X11/Xlib.h>
| int
| main ()
| {
| XrmInitialize ()
|   ;
|   return 0;
| }
configure:30648: result: no
configure:31224: checking for X11/extensions/shape.h
configure:31224: /usr/bin/gcc -c    conftest.c >&5
configure:31224: $? = 0
configure:31224: result: yes
configure:31224: checking for X11/extensions/Xrender.h
configure:31224: /usr/bin/gcc -c    conftest.c >&5
configure:31224: $? = 0
configure:31224: result: yes
configure:31224: checking for X11/extensions/XTest.h
configure:31224: /usr/bin/gcc -c    conftest.c >&5
configure:31224: $? = 0
configure:31224: result: yes
configure:31224: checking for X11/Intrinsic.h
configure:31224: /usr/bin/gcc -c    conftest.c >&5
configure:31224: $? = 0
configure:31224: result: yes
configure:31477: checking cups/cups.h usability
configure:31477: /usr/bin/g++ -c   conftest.cpp >&5
configure:31477: $? = 0
configure:31477: result: yes
configure:31477: checking cups/cups.h presence
configure:31477: /usr/bin/g++ -E  conftest.cpp
configure:31477: $? = 0
configure:31477: result: yes
configure:31477: checking for cups/cups.h
configure:31477: result: yes
configure:31477: checking cups/ppd.h usability
configure:31477: /usr/bin/g++ -c   conftest.cpp >&5
configure:31477: $? = 0
configure:31477: result: yes
configure:31477: checking cups/ppd.h presence
configure:31477: /usr/bin/g++ -E  conftest.cpp
configure:31477: $? = 0
configure:31477: result: yes
configure:31477: checking for cups/ppd.h
configure:31477: result: yes
configure:31627: Found freetype include files at /usr/local/include/freetype2 using --with-freetype
configure:31898: checking for freetype includes
configure:31900: result: /usr/local/include/freetype2
configure:31903: checking for freetype libraries
configure:31905: result: /usr/local/lib
configure:34567: checking if we can compile and link with freetype
configure:34592:  /usr/bin/g++ -o conftest  -I/usr/local/include/freetype2   conftest.cpp  -L/usr/local/lib -lfreetype >&5
configure:34592: $? = 0
configure:34594: result: yes
configure:34653: checking if we should bundle freetype
configure:34658: result: yes
configure:35002: checking for main in -ljpeg
configure:35021: /usr/bin/g++ -o conftest  -I/usr/local/include/freetype2   conftest.cpp -ljpeg   >&5
configure:35021: $? = 0
configure:35030: result: yes
configure:35061: checking for which giflib to use
configure:35074: result: bundled
configure:35154: checking for compress in -lz
configure:35179: /usr/bin/g++ -o conftest  -I/usr/local/include/freetype2   conftest.cpp -lz  -ljpeg  >&5
configure:35179: $? = 0
configure:35188: result: yes
configure:35197: checking for which zlib to use
configure:35229: result: system
configure:35263: /usr/bin/g++ -o conftest  -I/usr/local/include/freetype2   conftest.cpp -ljpeg  >&5
conftest.cpp:33:13: error: use of undeclared identifier 'altzone'
return (int)altzone;
            ^
1 error generated.
configure:35263: $? = 1
configure: failed program was:
| /* confdefs.h */
| #define PACKAGE_NAME "OpenJDK"
| #define PACKAGE_TARNAME "openjdk"
| #define PACKAGE_VERSION "jdk8"
| #define PACKAGE_STRING "OpenJDK jdk8"
| #define PACKAGE_BUGREPORT "build-dev@openjdk.java.net"
| #define PACKAGE_URL "http://openjdk.java.net"
| #define STDC_HEADERS 1
| #define HAVE_SYS_TYPES_H 1
| #define HAVE_SYS_STAT_H 1
| #define HAVE_STDLIB_H 1
| #define HAVE_STRING_H 1
| #define HAVE_MEMORY_H 1
| #define HAVE_STRINGS_H 1
| #define HAVE_INTTYPES_H 1
| #define HAVE_STDINT_H 1
| #define HAVE_UNISTD_H 1
| #define HAVE_STDIO_H 1
| #define SIZEOF_INT_P 8
| #define X_DISPLAY_MISSING 1
| #define HAVE_X11_EXTENSIONS_SHAPE_H 1
| #define HAVE_X11_EXTENSIONS_XRENDER_H 1
| #define HAVE_X11_EXTENSIONS_XTEST_H 1
| #define HAVE_X11_INTRINSIC_H 1
| #define HAVE_CUPS_CUPS_H 1
| #define HAVE_CUPS_PPD_H 1
| #define HAVE_LIBJPEG 1
| /* end confdefs.h.  */
| #include <time.h>
| int
| main ()
| {
| return (int)altzone;
|   ;
|   return 0;
| }
configure:35281: checking for cos in -lm
configure:35306: /usr/bin/g++ -o conftest  -I/usr/local/include/freetype2   conftest.cpp -lm  -ljpeg  >&5
configure:35306: $? = 0
configure:35315: result: yes
configure:35340: checking for dlopen in -ldl
configure:35365: /usr/bin/g++ -o conftest  -I/usr/local/include/freetype2   conftest.cpp -ldl   >&5
configure:35365: $? = 0
configure:35374: result: yes
configure:35731: checking if elliptic curve crypto implementation is present
configure:35736: result: yes
configure:35765: checking for number of cores
configure:35792: result: 4
configure:35817: checking for memory size
configure:35845: result: 16384 MB
configure:35870: checking for appropriate number of jobs to run in parallel
configure:35891: result: 4
Check if jvm arg is ok: -verbosegc
Command: /Library/Java/JavaVirtualMachines/jdk1.8.0_171.jdk/Contents/Home/bin/java -verbosegc -version
Check if jvm arg is ok: -Xverbose:gc
Command: /Library/Java/JavaVirtualMachines/jdk1.8.0_171.jdk/Contents/Home/bin/java -Xverbose:gc -version
Arg failed:
Unrecognized option: -Xverbose:gc
Error: Could not create the Java Virtual Machine.
Error: A fatal exception has occurred. Program will exit.
Check if jvm arg is ok: -d64
Command: /Library/Java/JavaVirtualMachines/jdk1.8.0_171.jdk/Contents/Home/bin/java  -verbosegc -d64 -version
Check if jvm arg is ok: -Xms6G -Xmx6G
Command: /Library/Java/JavaVirtualMachines/jdk1.8.0_171.jdk/Contents/Home/bin/java  -verbosegc -d64 -Xms6G -Xmx6G -version
configure:36096: checking whether to use sjavac
configure:36105: result: no
configure:36140: checking that precompiled headers work
configure:36149: result: yes
configure:36175: checking for ccache
configure:36193: found /usr/local/bin/ccache
configure:36205: result: /usr/local/bin/ccache
configure:36242: checking if ccache supports precompiled headers
configure:36246: result: no, disabling ccache
configure:36315: checking if build directory is on local disk
configure:36341: result: yes
configure:36488: creating /Users/yuanqixiang/Downloads/openjdk8/build/macosx-x86_64-normal-server-slowdebug/config.status

## ---------------------- ##
## Running config.status. ##
## ---------------------- ##

This file was extended by OpenJDK config.status jdk8, which was
generated by GNU Autoconf 2.69.  Invocation command line was

  CONFIG_FILES    = 
  CONFIG_HEADERS  = 
  CONFIG_LINKS    = 
  CONFIG_COMMANDS = 
  $ /Users/yuanqixiang/Downloads/openjdk8/build/macosx-x86_64-normal-server-slowdebug/config.status 

on yuanqixiangdeMacBook-Pro.local

config.status:1171: creating /Users/yuanqixiang/Downloads/openjdk8/build/macosx-x86_64-normal-server-slowdebug/spec.gmk
config.status:1171: creating /Users/yuanqixiang/Downloads/openjdk8/build/macosx-x86_64-normal-server-slowdebug/hotspot-spec.gmk
config.status:1171: creating /Users/yuanqixiang/Downloads/openjdk8/build/macosx-x86_64-normal-server-slowdebug/bootcycle-spec.gmk
config.status:1171: creating /Users/yuanqixiang/Downloads/openjdk8/build/macosx-x86_64-normal-server-slowdebug/compare.sh
config.status:1171: creating /Users/yuanqixiang/Downloads/openjdk8/build/macosx-x86_64-normal-server-slowdebug/spec.sh
config.status:1171: creating /Users/yuanqixiang/Downloads/openjdk8/build/macosx-x86_64-normal-server-slowdebug/Makefile
config.status:1171: creating /Users/yuanqixiang/Downloads/openjdk8/build/macosx-x86_64-normal-server-slowdebug/config.h
config.status:1326: /Users/yuanqixiang/Downloads/openjdk8/build/macosx-x86_64-normal-server-slowdebug/config.h is unchanged

## ---------------- ##
## Cache variables. ##
## ---------------- ##

ac_cv_build=x86_64-apple-darwin18.6.0
ac_cv_c_bigendian=no
ac_cv_c_compiler_gnu=yes
ac_cv_cxx_compiler_gnu=yes
ac_cv_env_ALSA_CFLAGS_set=
ac_cv_env_ALSA_CFLAGS_value=
ac_cv_env_ALSA_LIBS_set=
ac_cv_env_ALSA_LIBS_value=
ac_cv_env_CCC_set=
ac_cv_env_CCC_value=
ac_cv_env_CC_set=set
ac_cv_env_CC_value=gcc
ac_cv_env_CFLAGS_set=
ac_cv_env_CFLAGS_value=
ac_cv_env_CPPFLAGS_set=
ac_cv_env_CPPFLAGS_value=
ac_cv_env_CPP_set=
ac_cv_env_CPP_value=
ac_cv_env_CXXCPP_set=
ac_cv_env_CXXCPP_value=
ac_cv_env_CXXFLAGS_set=
ac_cv_env_CXXFLAGS_value=
ac_cv_env_CXX_set=
ac_cv_env_CXX_value=
ac_cv_env_FREETYPE_CFLAGS_set=
ac_cv_env_FREETYPE_CFLAGS_value=
ac_cv_env_FREETYPE_LIBS_set=
ac_cv_env_FREETYPE_LIBS_value=
ac_cv_env_LDFLAGS_set=
ac_cv_env_LDFLAGS_value=
ac_cv_env_LIBFFI_CFLAGS_set=
ac_cv_env_LIBFFI_CFLAGS_value=
ac_cv_env_LIBFFI_LIBS_set=
ac_cv_env_LIBFFI_LIBS_value=
ac_cv_env_LIBS_set=
ac_cv_env_LIBS_value=
ac_cv_env_OBJCFLAGS_set=
ac_cv_env_OBJCFLAGS_value=
ac_cv_env_OBJC_set=
ac_cv_env_OBJC_value=
ac_cv_env_PKG_CONFIG_set=
ac_cv_env_PKG_CONFIG_value=
ac_cv_env_XMKMF_set=
ac_cv_env_XMKMF_value=
ac_cv_env_build_alias_set=
ac_cv_env_build_alias_value=
ac_cv_env_host_alias_set=
ac_cv_env_host_alias_value=
ac_cv_env_target_alias_set=
ac_cv_env_target_alias_value=
ac_cv_have_x=have_x=no
ac_cv_header_X11_Intrinsic_h=yes
ac_cv_header_X11_extensions_XTest_h=yes
ac_cv_header_X11_extensions_Xrender_h=yes
ac_cv_header_X11_extensions_shape_h=yes
ac_cv_header_cups_cups_h=yes
ac_cv_header_cups_ppd_h=yes
ac_cv_header_inttypes_h=yes
ac_cv_header_memory_h=yes
ac_cv_header_stdc=yes
ac_cv_header_stdint_h=yes
ac_cv_header_stdio_h=yes
ac_cv_header_stdlib_h=yes
ac_cv_header_string_h=yes
ac_cv_header_strings_h=yes
ac_cv_header_sys_stat_h=yes
ac_cv_header_sys_types_h=yes
ac_cv_header_unistd_h=yes
ac_cv_host=x86_64-apple-darwin18.6.0
ac_cv_lib_dl_dlopen=yes
ac_cv_lib_jpeg_main=yes
ac_cv_lib_m_cos=yes
ac_cv_lib_z_compress=yes
ac_cv_objc_compiler_gnu=yes
ac_cv_objext=o
ac_cv_path_BASENAME=/usr/bin/basename
ac_cv_path_BASH=/bin/bash
ac_cv_path_CAT=/bin/cat
ac_cv_path_CCACHE=/usr/local/bin/ccache
ac_cv_path_CHECK_MAKE=/usr/bin/make
ac_cv_path_CHMOD=/bin/chmod
ac_cv_path_CMP=/usr/bin/cmp
ac_cv_path_CODESIGN=/usr/bin/codesign
ac_cv_path_COMM=/usr/bin/comm
ac_cv_path_CP=/bin/cp
ac_cv_path_CPIO=/usr/bin/cpio
ac_cv_path_CUT=/usr/bin/cut
ac_cv_path_DATE=/bin/date
ac_cv_path_DF=/bin/df
ac_cv_path_DIFF=/usr/bin/diff
ac_cv_path_DIRNAME=/usr/bin/dirname
ac_cv_path_DSYMUTIL=/usr/bin/dsymutil
ac_cv_path_ECHO=/bin/echo
ac_cv_path_EGREP='/usr/bin/grep -E'
ac_cv_path_EXPR=/bin/expr
ac_cv_path_FGREP='/usr/bin/grep -F'
ac_cv_path_FILE=/usr/bin/file
ac_cv_path_FIND=/usr/bin/find
ac_cv_path_GREP=/usr/bin/grep
ac_cv_path_HEAD=/usr/bin/head
ac_cv_path_HG=/usr/local/bin/hg
ac_cv_path_JAVAC_CHECK=/Users/yuanqixiang/.jenv/shims/javac
ac_cv_path_JAVA_CHECK=/Users/yuanqixiang/.jenv/shims/java
ac_cv_path_LIPO=/usr/bin/lipo
ac_cv_path_LN=/bin/ln
ac_cv_path_LS=/bin/ls
ac_cv_path_MKDIR=/bin/mkdir
ac_cv_path_MKTEMP=/usr/bin/mktemp
ac_cv_path_MV=/bin/mv
ac_cv_path_NAWK=/usr/bin/awk
ac_cv_path_OTOOL=/usr/bin/otool
ac_cv_path_POTENTIAL_CC=/usr/bin/gcc
ac_cv_path_POTENTIAL_CXX=/usr/bin/g++
ac_cv_path_PRINTF=/usr/bin/printf
ac_cv_path_READLINK=/usr/bin/readlink
ac_cv_path_RM=/bin/rm
ac_cv_path_SED=/usr/bin/sed
ac_cv_path_SETFILE=/usr/bin/SetFile
ac_cv_path_SH=/bin/sh
ac_cv_path_SORT=/usr/bin/sort
ac_cv_path_STAT=/usr/bin/stat
ac_cv_path_TAIL=/usr/bin/tail
ac_cv_path_TAR=/usr/bin/tar
ac_cv_path_TEE=/usr/bin/tee
ac_cv_path_TIME=/usr/bin/time
ac_cv_path_TOUCH=/usr/bin/touch
ac_cv_path_TR=/usr/bin/tr
ac_cv_path_UNAME=/usr/bin/uname
ac_cv_path_UNIQ=/usr/bin/uniq
ac_cv_path_UNZIP=/usr/bin/unzip
ac_cv_path_WC=/usr/bin/wc
ac_cv_path_WHICH=/usr/bin/which
ac_cv_path_XARGS=/usr/bin/xargs
ac_cv_path_XATTR=/usr/bin/xattr
ac_cv_path_ZIP=/usr/bin/zip
ac_cv_prog_AWK=awk
ac_cv_prog_BDEPS_FTP=wget
ac_cv_prog_BDEPS_UNZIP=unzip
ac_cv_prog_CPP='/usr/bin/gcc -E'
ac_cv_prog_CXXCPP='/usr/bin/g++ -E'
ac_cv_prog_PKGHANDLER=pkgutil
ac_cv_prog_ac_ct_AR=ar
ac_cv_prog_ac_ct_NM=nm
ac_cv_prog_ac_ct_OBJC=gcc
ac_cv_prog_ac_ct_OBJDUMP=objdump
ac_cv_prog_ac_ct_STRIP=strip
ac_cv_prog_cc_c89=
ac_cv_prog_cc_g=yes
ac_cv_prog_cxx_g=yes
ac_cv_prog_objc_g=yes
ac_cv_sizeof_int_p=8
ac_cv_target=x86_64-apple-darwin18.6.0

## ----------------- ##
## Output variables. ##
## ----------------- ##

ADD_SRC_ROOT=''
ALSA_CFLAGS=''
ALSA_LIBS=''
AR='/usr/bin/ar'
ARFLAGS='-r'
AR_OUT_OPTION='rcs$(SPACE)'
AS='/usr/bin/gcc -c'
AWK='awk'
BASENAME='/usr/bin/basename'
BASH='/bin/bash'
BDEPS_FTP='wget'
BDEPS_UNZIP='unzip'
BOOT_JDK='/Library/Java/JavaVirtualMachines/jdk1.8.0_171.jdk/Contents/Home'
BOOT_JDK_SOURCETARGET='-source 7 -target 7'
BOOT_RTJAR='/Library/Java/JavaVirtualMachines/jdk1.8.0_171.jdk/Contents/Home/jre/lib/rt.jar'
BOOT_TOOLSJAR='/Library/Java/JavaVirtualMachines/jdk1.8.0_171.jdk/Contents/Home/lib/tools.jar'
BUILD_CC='/usr/bin/gcc'
BUILD_CXX='/usr/bin/g++'
BUILD_HEADLESS='BUILD_HEADLESS:=true'
BUILD_HOTSPOT='true'
BUILD_LD='/usr/bin/gcc'
BUILD_LOG='$(OUTPUT_ROOT)/build.log'
BUILD_LOG_PREVIOUS='$(OUTPUT_ROOT)/build.log.old'
BUILD_LOG_WRAPPER='$(BASH) $(SRC_ROOT)/common/bin/logger.sh $(BUILD_LOG)'
BUILD_OUTPUT='/Users/yuanqixiang/Downloads/openjdk8/build/macosx-x86_64-normal-server-slowdebug'
BUILD_VARIANT_RELEASE='-debug'
CACERTS_FILE='/Users/yuanqixiang/Downloads/openjdk8/jdk/src/share/lib/security/cacerts'
CAT='/bin/cat'
CC='/usr/bin/gcc'
CCACHE=''
CC_OUT_OPTION='-o$(SPACE)'
CFLAGS=''
CFLAGS_DEBUG_SYMBOLS='-g'
CFLAGS_JDKEXE='  -W -Wall -Wno-unused -Wno-parentheses       -pipe       -D_GNU_SOURCE -D_REENTRANT -D_LARGEFILE64_SOURCE -fno-omit-frame-pointer -D_LP64=1 -D_LITTLE_ENDIAN -DMACOSX -D_ALLBSD_SOURCE -D_DARWIN_UNLIMITED_SELECT -DMAC_OS_X_VERSION_MAX_ALLOWED=$(subst .,,$(MACOSX_VERSION_MIN)) -mmacosx-version-min=$(MACOSX_VERSION_MIN) -DDEBUG -DARCH='\''"x86_64"'\'' -Dx86_64 -DRELEASE='\''"$(RELEASE)"'\''       -I/Users/yuanqixiang/Downloads/openjdk8/build/macosx-x86_64-normal-server-slowdebug/jdk/include       -I/Users/yuanqixiang/Downloads/openjdk8/build/macosx-x86_64-normal-server-slowdebug/jdk/include/macosx       -I/Users/yuanqixiang/Downloads/openjdk8/jdk/src/share/javavm/export       -I/Users/yuanqixiang/Downloads/openjdk8/jdk/src/macosx/javavm/export       -I/Users/yuanqixiang/Downloads/openjdk8/jdk/src/share/native/common       -I/Users/yuanqixiang/Downloads/openjdk8/jdk/src/solaris/native/common   -fno-strict-aliasing -g'
CFLAGS_JDKLIB='  -W -Wall -Wno-unused -Wno-parentheses       -pipe       -D_GNU_SOURCE -D_REENTRANT -D_LARGEFILE64_SOURCE -fno-omit-frame-pointer -D_LP64=1 -D_LITTLE_ENDIAN -DMACOSX -D_ALLBSD_SOURCE -D_DARWIN_UNLIMITED_SELECT -DMAC_OS_X_VERSION_MAX_ALLOWED=$(subst .,,$(MACOSX_VERSION_MIN)) -mmacosx-version-min=$(MACOSX_VERSION_MIN) -DDEBUG -DARCH='\''"x86_64"'\'' -Dx86_64 -DRELEASE='\''"$(RELEASE)"'\''       -I/Users/yuanqixiang/Downloads/openjdk8/build/macosx-x86_64-normal-server-slowdebug/jdk/include       -I/Users/yuanqixiang/Downloads/openjdk8/build/macosx-x86_64-normal-server-slowdebug/jdk/include/macosx       -I/Users/yuanqixiang/Downloads/openjdk8/jdk/src/share/javavm/export       -I/Users/yuanqixiang/Downloads/openjdk8/jdk/src/macosx/javavm/export       -I/Users/yuanqixiang/Downloads/openjdk8/jdk/src/share/native/common       -I/Users/yuanqixiang/Downloads/openjdk8/jdk/src/solaris/native/common   -fno-strict-aliasing -g -fPIC '
CHECK_GMAKE=''
CHECK_MAKE='/usr/bin/make'
CHECK_TOOLSDIR_GMAKE=''
CHECK_TOOLSDIR_MAKE=''
CHMOD='/bin/chmod'
CMP='/usr/bin/cmp'
CODESIGN=''
COMM='/usr/bin/comm'
COMPANY_NAME='N/A'
COMPILER_NAME='gcc'
COMPILER_SUPPORTS_TARGET_BITS_FLAG='true'
COMPILER_TARGET_BITS_FLAG='-m'
COMPILER_TYPE='CC'
COMPILE_TYPE='native'
COMPRESS_JARS='false'
CONFIGURE_COMMAND_LINE='--with-target-bits=64 --with-debug-level=slowdebug --enable-debug-symbols ZIP_DEBUGINFO_FILES=0 --with-freetype-include=/usr/local/include/freetype2 --with-freetype-lib=/usr/local/lib/ --enable-ccache'
CONF_NAME='macosx-x86_64-normal-server-slowdebug'
COOKED_BUILD_NUMBER='0'
COPYRIGHT_YEAR='2020'
CORBA_TOPDIR='/Users/yuanqixiang/Downloads/openjdk8/corba'
CP='/bin/cp'
CPIO='/usr/bin/cpio'
CPP='/usr/bin/gcc -E'
CPPFLAGS=''
CUPS_CFLAGS=''
CUSTOM_MAKE_DIR=''
CUT='/usr/bin/cut'
CXX='/usr/bin/g++'
CXXCPP='/usr/bin/g++ -E'
CXXFLAGS=' -I/usr/local/include/freetype2'
CXXFLAGS_DEBUG_SYMBOLS='-g'
CXXFLAGS_JDKEXE='  -W -Wall -Wno-unused -Wno-parentheses       -pipe       -D_GNU_SOURCE -D_REENTRANT -D_LARGEFILE64_SOURCE -fno-omit-frame-pointer -D_LP64=1 -D_LITTLE_ENDIAN -DMACOSX -D_ALLBSD_SOURCE -D_DARWIN_UNLIMITED_SELECT -DMAC_OS_X_VERSION_MAX_ALLOWED=$(subst .,,$(MACOSX_VERSION_MIN)) -mmacosx-version-min=$(MACOSX_VERSION_MIN) -DDEBUG -DARCH='\''"x86_64"'\'' -Dx86_64 -DRELEASE='\''"$(RELEASE)"'\''       -I/Users/yuanqixiang/Downloads/openjdk8/build/macosx-x86_64-normal-server-slowdebug/jdk/include       -I/Users/yuanqixiang/Downloads/openjdk8/build/macosx-x86_64-normal-server-slowdebug/jdk/include/macosx       -I/Users/yuanqixiang/Downloads/openjdk8/jdk/src/share/javavm/export       -I/Users/yuanqixiang/Downloads/openjdk8/jdk/src/macosx/javavm/export       -I/Users/yuanqixiang/Downloads/openjdk8/jdk/src/share/native/common       -I/Users/yuanqixiang/Downloads/openjdk8/jdk/src/solaris/native/common   -g'
CXXFLAGS_JDKLIB='  -W -Wall -Wno-unused -Wno-parentheses       -pipe       -D_GNU_SOURCE -D_REENTRANT -D_LARGEFILE64_SOURCE -fno-omit-frame-pointer -D_LP64=1 -D_LITTLE_ENDIAN -DMACOSX -D_ALLBSD_SOURCE -D_DARWIN_UNLIMITED_SELECT -DMAC_OS_X_VERSION_MAX_ALLOWED=$(subst .,,$(MACOSX_VERSION_MIN)) -mmacosx-version-min=$(MACOSX_VERSION_MIN) -DDEBUG -DARCH='\''"x86_64"'\'' -Dx86_64 -DRELEASE='\''"$(RELEASE)"'\''       -I/Users/yuanqixiang/Downloads/openjdk8/build/macosx-x86_64-normal-server-slowdebug/jdk/include       -I/Users/yuanqixiang/Downloads/openjdk8/build/macosx-x86_64-normal-server-slowdebug/jdk/include/macosx       -I/Users/yuanqixiang/Downloads/openjdk8/jdk/src/share/javavm/export       -I/Users/yuanqixiang/Downloads/openjdk8/jdk/src/macosx/javavm/export       -I/Users/yuanqixiang/Downloads/openjdk8/jdk/src/share/native/common       -I/Users/yuanqixiang/Downloads/openjdk8/jdk/src/solaris/native/common   -g -fPIC  '
CXX_FLAG_DEPS='-MMD -MF'
CXX_FLAG_REORDER=''
CXX_O_FLAG_HI=''
CXX_O_FLAG_HIGHEST='-Os'
CXX_O_FLAG_NONE=''
CXX_O_FLAG_NORM=''
CYGPATH=''
CYGWIN_LINK=''
C_FLAG_DEPS='-MMD -MF'
C_FLAG_REORDER=''
C_O_FLAG_HI=''
C_O_FLAG_HIGHEST='-Os'
C_O_FLAG_NONE=''
C_O_FLAG_NORM=''
DATE='/bin/date'
DATE_WHEN_CONFIGURED='Mon Apr  6 20:03:37 CST 2020'
DEBUG_CLASSFILES='true'
DEBUG_LEVEL='slowdebug'
DEFINE_CROSS_COMPILE_ARCH=''
DEFS='-DHAVE_CONFIG_H'
DF='/bin/df'
DIFF='/usr/bin/diff'
DIRNAME='/usr/bin/dirname'
DSYMUTIL='/usr/bin/dsymutil'
DUMPBIN=''
ECHO='/bin/echo'
ECHO_C=''
ECHO_N='-n'
ECHO_T=''
EGREP='/usr/bin/grep -E'
ENABLE_DEBUG_SYMBOLS='true'
ENABLE_INTREE_EC='yes'
ENABLE_SJAVAC='no'
EXEEXT=''
EXE_OUT_OPTION='-o$(SPACE)'
EXE_SUFFIX=''
EXPR='/bin/expr'
FASTDEBUG='false'
FGREP='/usr/bin/grep -F'
FILE='/usr/bin/file'
FIND='/usr/bin/find'
FIND_DELETE='-delete'
FIXPATH=''
FREETYPE_BUNDLE_LIB_PATH='/usr/local/lib'
FREETYPE_CFLAGS='-I/usr/local/include/freetype2'
FREETYPE_LIBS='-L/usr/local/lib -lfreetype'
GNM='/usr/bin/nm'
GREP='/usr/bin/grep'
HEAD='/usr/bin/head'
HG='/usr/local/bin/hg'
HOTSPOT_CXX='/usr/bin/g++'
HOTSPOT_DIST='/Users/yuanqixiang/Downloads/openjdk8/build/macosx-x86_64-normal-server-slowdebug/hotspot/dist'
HOTSPOT_LD='/usr/bin/gcc'
HOTSPOT_MAKE_ARGS='universal_debug'
HOTSPOT_MT=''
HOTSPOT_RC=''
HOTSPOT_TOPDIR='/Users/yuanqixiang/Downloads/openjdk8/hotspot'
INCLUDE_SA='true'
IS_GNU_TIME='no'
JAVAC_CHECK='/Users/yuanqixiang/.jenv/shims/javac'
JAVAC_FLAGS=' -g'
JAVA_CHECK='/Users/yuanqixiang/.jenv/shims/java'
JAVA_FLAGS=' '
JAVA_FLAGS_BIG=' -Xms64M -Xmx1600M -XX:ThreadStackSize=1536'
JAVA_FLAGS_SMALL=' -XX:+UseSerialGC -Xms32M -Xmx512M'
JAXP_TOPDIR='/Users/yuanqixiang/Downloads/openjdk8/jaxp'
JAXWS_TOPDIR='/Users/yuanqixiang/Downloads/openjdk8/jaxws'
JDK_BUILD_NUMBER='b00'
JDK_MAJOR_VERSION='1'
JDK_MICRO_VERSION='0'
JDK_MINOR_VERSION='8'
JDK_RC_PLATFORM_NAME='Platform'
JDK_TOPDIR='/Users/yuanqixiang/Downloads/openjdk8/jdk'
JDK_UPDATE_VERSION=''
JDK_VARIANT='normal'
JDK_VERSION='1.8.0'
JOBS='4'
JTREGEXE=''
JT_HOME=''
JVM_INTERPRETER='template'
JVM_VARIANTS=',server,'
JVM_VARIANT_CLIENT='false'
JVM_VARIANT_CORE='false'
JVM_VARIANT_KERNEL='false'
JVM_VARIANT_MINIMAL1='false'
JVM_VARIANT_SERVER='true'
JVM_VARIANT_ZERO='false'
JVM_VARIANT_ZEROSHARK='false'
LANGTOOLS_TOPDIR='/Users/yuanqixiang/Downloads/openjdk8/langtools'
LAUNCHER_NAME='openjdk'
LD='/usr/bin/gcc'
LDCXX='/usr/bin/g++'
LDD='true'
LDEXE='/usr/bin/gcc'
LDEXECXX='/usr/bin/g++'
LDFLAGS=''
LDFLAGS_CXX_JDK=''
LDFLAGS_JDKEXE='  -mmacosx-version-min=$(MACOSX_VERSION_MIN)'
LDFLAGS_JDKEXE_SUFFIX=''
LDFLAGS_JDKLIB='  -mmacosx-version-min=$(MACOSX_VERSION_MIN) -dynamiclib -compatibility_version 1.0.0 -current_version 1.0.0 -fPIC         -L/Users/yuanqixiang/Downloads/openjdk8/build/macosx-x86_64-normal-server-slowdebug/jdk/lib -L/Users/yuanqixiang/Downloads/openjdk8/build/macosx-x86_64-normal-server-slowdebug/jdk/lib/server'
LDFLAGS_JDKLIB_SUFFIX='-ljava -ljvm'
LD_OUT_OPTION='-o$(SPACE)'
LEGACY_EXTRA_CFLAGS=''
LEGACY_EXTRA_CXXFLAGS=''
LEGACY_EXTRA_LDFLAGS=''
LIBCXX='-lstdc++'
LIBDL='-ldl '
LIBFFI_CFLAGS=''
LIBFFI_LIBS=''
LIBM=''
LIBOBJS=''
LIBRARY_PREFIX='lib'
LIBS='-lm -ljpeg '
LIBZIP_CAN_USE_MMAP='true'
LIPO='/usr/bin/lipo'
LLVM_CFLAGS=''
LLVM_CONFIG=''
LLVM_LDFLAGS=''
LLVM_LIBS=''
LN='/bin/ln'
LP64='LP64:='
LS='/bin/ls'
LTLIBOBJS=''
MACOSX_BUNDLE_ID_BASE='net.java.openjdk'
MACOSX_BUNDLE_NAME_BASE='OpenJDK'
MACOSX_UNIVERSAL='true'
MACOSX_VERSION_MIN='10.7.0'
MAKE='/usr/bin/make'
MCS=''
MEMORY_SIZE='16384'
MILESTONE='internal'
MKDIR='/bin/mkdir'
MKTEMP='/usr/bin/mktemp'
MSVCR_DLL=''
MT=''
MV='/bin/mv'
NASHORN_TOPDIR='/Users/yuanqixiang/Downloads/openjdk8/nashorn'
NAWK='/usr/bin/awk'
NM='/usr/bin/nm'
NUM_CORES='4'
OBJC='/usr/bin/gcc'
OBJCFLAGS=''
OBJCOPY='gobjcopy'
OBJDUMP='/usr/bin/objdump'
OBJEXT='o'
OBJ_SUFFIX='.o'
OPENJDK_BUILD_AUTOCONF_NAME='x86_64-apple-darwin18.6.0'
OPENJDK_BUILD_CPU='x86_64'
OPENJDK_BUILD_CPU_ARCH='x86'
OPENJDK_BUILD_CPU_BITS='64'
OPENJDK_BUILD_CPU_ENDIAN='little'
OPENJDK_BUILD_OS='macosx'
OPENJDK_BUILD_OS_API='posix'
OPENJDK_TARGET_AUTOCONF_NAME='x86_64-apple-darwin18.6.0'
OPENJDK_TARGET_CPU='x86_64'
OPENJDK_TARGET_CPU_ARCH='x86'
OPENJDK_TARGET_CPU_BITS='64'
OPENJDK_TARGET_CPU_ENDIAN='little'
OPENJDK_TARGET_CPU_ISADIR=''
OPENJDK_TARGET_CPU_JLI_CFLAGS='-DLIBARCHNAME='\''"x86_64"'\'''
OPENJDK_TARGET_CPU_LEGACY='x86_64'
OPENJDK_TARGET_CPU_LEGACY_LIB='amd64'
OPENJDK_TARGET_CPU_LIBDIR=''
OPENJDK_TARGET_CPU_OSARCH='x86_64'
OPENJDK_TARGET_OS='macosx'
OPENJDK_TARGET_OS_API='posix'
OPENJDK_TARGET_OS_API_DIR='solaris'
OPENJDK_TARGET_OS_EXPORT_DIR='macosx'
OPENWIN_HOME=''
OS_VERSION_MAJOR='18'
OS_VERSION_MICRO='0'
OS_VERSION_MINOR='6'
OTOOL='/usr/bin/otool'
OUTPUT_ROOT='/Users/yuanqixiang/Downloads/openjdk8/build/macosx-x86_64-normal-server-slowdebug'
OVERRIDE_SRC_ROOT=''
PACKAGE_BUGREPORT='build-dev@openjdk.java.net'
PACKAGE_NAME='OpenJDK'
PACKAGE_PATH='/opt/local'
PACKAGE_STRING='OpenJDK jdk8'
PACKAGE_TARNAME='openjdk'
PACKAGE_URL='http://openjdk.java.net'
PACKAGE_VERSION='jdk8'
PATH_SEP=':'
PATH_SEPARATOR=':'
PKGHANDLER='pkgutil'
PKG_CONFIG=''
POST_MCS_CMD=''
POST_STRIP_CMD='/usr/bin/strip -S'
POTENTIAL_CC='/usr/bin/gcc'
POTENTIAL_CXX='/usr/bin/g++'
PRINTF='/usr/bin/printf'
PRODUCT_NAME='OpenJDK'
PRODUCT_SUFFIX='Runtime Environment'
PROPER_COMPILER_CC=''
PROPER_COMPILER_CXX=''
RC=''
RC_FLAGS=''
READELF=''
READLINK=''
REQUIRED_OS_NAME='Darwin'
REQUIRED_OS_VERSION='11.2'
RM='/bin/rm -f'
SALIB_NAME='libsaproc.dylib'
SED='/usr/bin/sed'
SETFILE='/usr/bin/SetFile'
SET_EXECUTABLE_ORIGIN='-Xlinker -rpath -Xlinker @loader_path/.'
SET_OPENJDK='OPENJDK=true'
SET_SHARED_LIBRARY_MAPFILE=''
SET_SHARED_LIBRARY_NAME='-Xlinker -install_name -Xlinker @rpath/$1'
SET_SHARED_LIBRARY_ORIGIN='-Xlinker -rpath -Xlinker @loader_path/.'
SH='/bin/sh'
SHARED_LIBRARY='lib$1.dylib'
SHARED_LIBRARY_FLAGS='-dynamiclib -compatibility_version 1.0.0 -current_version 1.0.0 -fPIC'
SHARED_LIBRARY_SUFFIX='.dylib'
SHELL='/bin/sh'
SJAVAC_SERVER_DIR=''
SJAVAC_SERVER_JAVA='/Library/Java/JavaVirtualMachines/jdk1.8.0_171.jdk/Contents/Home/bin/java  -verbosegc -d64 -Xms6G -Xmx6G'
SORT='/usr/bin/sort'
SPEC='/Users/yuanqixiang/Downloads/openjdk8/build/macosx-x86_64-normal-server-slowdebug/spec.gmk'
SRC_ROOT='/Users/yuanqixiang/Downloads/openjdk8'
STAT='/usr/bin/stat'
STATIC_CXX_SETTING=''
STATIC_LIBRARY='lib$1.a'
STATIC_LIBRARY_SUFFIX='.a'
STRIP='/usr/bin/strip'
SUPPORT_HEADFUL='yes'
SUPPORT_HEADLESS='yes'
SYS_ROOT='/'
TAIL='/usr/bin/tail'
TAR='/usr/bin/tar'
TEE='/usr/bin/tee'
TEST_IN_BUILD='false'
TIME='/usr/bin/time'
TOOLS_DIR_CC=''
TOOLS_DIR_CXX=''
TOUCH='/usr/bin/touch'
TR='/usr/bin/tr'
UNAME='/usr/bin/uname'
UNIQ='/usr/bin/uniq'
UNLIMITED_CRYPTO='false'
UNZIP='/usr/bin/unzip'
USER_RELEASE_SUFFIX='yuanqixiang_2020_04_06_20_03'
USE_EXTERNAL_LIBGIF='false'
USE_EXTERNAL_LIBJPEG='true'
USE_EXTERNAL_LIBZ='true'
USE_PRECOMPILED_HEADER='1'
USING_BROKEN_SUSE_LD='no'
VARIANT='DBG'
VS_INCLUDE=''
VS_LIB=''
VS_PATH=''
WC='/usr/bin/wc'
WHICH='/usr/bin/which'
WINAR=''
WINLD=''
XARGS='/usr/bin/xargs'
XATTR='/usr/bin/xattr'
XMKMF=''
X_CFLAGS=''
X_EXTRA_LIBS=''
X_LIBS=''
X_PRE_LIBS=''
ZERO_ARCHDEF='AMD64'
ZERO_ARCHFLAG='-m64'
ZIP='/usr/bin/zip'
ZIP_DEBUGINFO_FILES='true'
ac_ct_CC=''
ac_ct_CXX=''
ac_ct_OBJC='gcc'
ac_ct_OBJCOPY=''
ac_ct_OBJDUMP='objdump'
ac_ct_PROPER_COMPILER_CC=''
ac_ct_PROPER_COMPILER_CXX=''
bindir='${exec_prefix}/bin'
build='x86_64-apple-darwin18.6.0'
build_alias=''
build_cpu='x86_64'
build_os='darwin18.6.0'
build_vendor='apple'
datadir='${datarootdir}'
datarootdir='${prefix}/share'
docdir='${datarootdir}/doc/${PACKAGE_TARNAME}'
dvidir='${docdir}'
exec_prefix='${prefix}'
host='x86_64-apple-darwin18.6.0'
host_alias=''
host_cpu='x86_64'
host_os='darwin18.6.0'
host_vendor='apple'
htmldir='${docdir}'
includedir='${prefix}/include'
infodir='${datarootdir}/info'
libdir='${exec_prefix}/lib'
libexecdir='${exec_prefix}/libexec'
localedir='${datarootdir}/locale'
localstatedir='${prefix}/var'
mandir='${datarootdir}/man'
oldincludedir='/usr/include'
pdfdir='${docdir}'
prefix='/usr/local'
program_transform_name='s,x,x,'
psdir='${docdir}'
sbindir='${exec_prefix}/sbin'
sharedstatedir='${prefix}/com'
sysconfdir='${prefix}/etc'
target='x86_64-apple-darwin18.6.0'
target_alias=''
target_cpu='x86_64'
target_os='darwin18.6.0'
target_vendor='apple'

## ----------- ##
## confdefs.h. ##
## ----------- ##

/* confdefs.h */
#define PACKAGE_NAME "OpenJDK"
#define PACKAGE_TARNAME "openjdk"
#define PACKAGE_VERSION "jdk8"
#define PACKAGE_STRING "OpenJDK jdk8"
#define PACKAGE_BUGREPORT "build-dev@openjdk.java.net"
#define PACKAGE_URL "http://openjdk.java.net"
#define STDC_HEADERS 1
#define HAVE_SYS_TYPES_H 1
#define HAVE_SYS_STAT_H 1
#define HAVE_STDLIB_H 1
#define HAVE_STRING_H 1
#define HAVE_MEMORY_H 1
#define HAVE_STRINGS_H 1
#define HAVE_INTTYPES_H 1
#define HAVE_STDINT_H 1
#define HAVE_UNISTD_H 1
#define HAVE_STDIO_H 1
#define SIZEOF_INT_P 8
#define X_DISPLAY_MISSING 1
#define HAVE_X11_EXTENSIONS_SHAPE_H 1
#define HAVE_X11_EXTENSIONS_XRENDER_H 1
#define HAVE_X11_EXTENSIONS_XTEST_H 1
#define HAVE_X11_INTRINSIC_H 1
#define HAVE_CUPS_CUPS_H 1
#define HAVE_CUPS_PPD_H 1
#define HAVE_LIBJPEG 1
#define HAVE_LIBM 1
#define HAVE_LIBDL 1

configure: exit 0
